2025-03-09 15:23:10 - INFO - ----阿里云19845173012----：{'success': True}
2025-03-09 15:23:24 - INFO - ----百度19845173012----：bd__cbs__avwp9w({"errno":16,"msg":"\u83b7\u53d6\u9a8c\u8bc1\u7801\u6b21\u6570\u8fc7\u591a\uff0c\u8bf724\u5c0f\u65f6\u4e4b\u540e\u518d\u8bd5","vcodestr":null,"vcodesign":null,"isslide":null})
2025-03-09 15:23:30 - INFO - ----凤凰网19845173012----：{'code': 'CaptchaRequired', 'msg': 'code: CaptchaRequired, msg: 需要验证码', 'tips': '需要验证码'}
2025-03-09 15:23:58 - INFO - ----联通云盘19845173012----：{'STATUS': '200', 'MSG': '服务调用成功！', 'LOGID': None, 'RSP': {'RSP_CODE': '0000', 'RSP_DESC': '成功', 'DATA': None}}
2025-03-09 15:24:57 - INFO - 执行 tyyp 失败: 
No element found.
Method: ele()
Arguments: {'locator': 'css=#tab-pw > span', 'index': 1, 'timeout': 10}
Version: 4.1.0.17
2025-03-09 15:27:08 - INFO - ----雪球19845173012----：{'success': True}
2025-03-09 15:27:15 - INFO - ----巨量19845173012---- ：{'description': '', 'error_code': 0, 'mobile_ticket': 'mobile_ticket_3K3XVEP9MB3Q27YFS432YRF7894DRXBX'}
2025-03-09 15:27:22 - INFO - ----兔喜19845173012---- ：{'result': {'isRisk': 0}, 'message': '操作成功', 'status': True, 'statusCode': '200'}
2025-03-09 15:27:32 - INFO - ----水滴筹19845173012---- ：{'code': 0, 'msg': None, 'data': None}
2025-03-09 15:27:48 - INFO - ----小红书19845173012----：{'code': 0, 'success': True, 'msg': '成功', 'data': {}}
2025-03-09 15:28:00 - INFO - ----豆包19845173012----：{'data': {'log_id': '202503091527592B3B39F40AAB3F3F6F4F', 'mobile': '198******12', 'mobile_ticket': 'mobile_ticket_7SCTESZT6RJJ8KMJSE374PACJDZDM66B', 'retry_time': 60}, 'message': 'success'}
2025-03-09 15:28:07 - INFO - ----KYE19845173012---- ：{'code': 0, 'msg': '成功', 'data': {'msg': '验证码已发送至您的手机，请注意查收'}, 'traceId': None, 'success': True}
2025-03-09 15:28:14 - INFO - ----易车19845173012----：59s后重新发送
2025-03-09 15:28:30 - INFO - ----移动云盘19845173012---- ：{'success': True, 'code': '0', 'message': 'OK', 'data': {'result': {'resultCode': '0', 'resultDesc': '请求成功'}, 'mode': '0', 'regFlag': None, 'remainGetTimes': 8, 'verifyCode': None, 'objNumber': None, 'random': 'CVzhN6vV'}}
2025-03-09 15:28:44 - INFO - ----南方泵业19845173012----：{'Data': None, 'Code': 0, 'Message': '9772A0806FAF17592BBFF5F0D3F426'}
2025-03-09 15:28:51 - INFO - ----秘塔19845173012----：{'code': 2701, 'msg': '手机号不存在,请先注册!'}
2025-03-09 15:28:59 - INFO - ----孔子学院19845173012----：{'msg': '操作成功', 'code': 200}
2025-03-09 15:29:06 - INFO - ----巨人网络19845173012---- ：{'success': False, 'msg': '账号已存在，建议直接使用该手机号登录', 'data': {'rcmdAccount': ['1984517301212', '1984517301212']}}
2025-03-09 15:29:15 - INFO - ----火山引擎19845173012---- ：{'ResponseMetadata': {'RequestId': '2025030915291500BEE3DAA2AED7FCCCA0'}}
2025-03-09 15:29:24 - INFO - ----webcsdn学院19845173012----：{'code': '0', 'subCode': '1017', 'message': '成功发送验证码', 'status': True}
2025-03-09 15:29:31 - INFO - ----233乐园19845173012----：验证码倒计时59s
2025-03-09 15:29:43 - INFO - ----q医疗19845173012----：{'data': {'code': '400'}, 'count': 0}
2025-03-09 15:29:52 - INFO - ----指南者19845173012----：{'code': 1, 'next': 'a9adff933ab38182cd648fc85a5a1aac'}
2025-03-09 15:30:05 - INFO - ----闪德19845173012----：{'code': 1, 'msg': '发送成功', 'data': 3, 'url': '', 'wait': 3}
2025-03-09 15:30:11 - INFO - ----顺丰同城19845173012----：{'errno': 0, 'errmsg': '', 'errmsg_lang': [], 'data': {'count': 60}, 'lid': '433043986751350733'}
2025-03-09 15:30:21 - INFO - ----指南者19845173012----：{'code': 1, 'next': '7a6b7cbcd32e365ef1dd41c6c29cf7b4'}
2025-03-09 15:30:39 - INFO - ----云8819845173012----：{'code': 1, 'msg': 'OK'}
2025-03-09 15:30:49 - INFO - ----望京设19845173012----：成功
2025-03-09 15:30:57 - INFO - ----异次元19845173012----：{'data': {'requestId': '8046199fdb50447eae7aa905a997e5d0'}, 'state': {'message': '成功', 'code': 200000}}
2025-03-09 15:31:06 - INFO - ----网易云游戏19845173012----：{}
2025-03-09 15:31:17 - INFO - ----aippt19845173012----：{'code': 0, 'data': None, 'msg': '发送成功'}
2025-03-09 15:31:58 - INFO - ----万兴19845173012----：{'code': 0, 'msg': '', 'data': ''}
2025-03-09 15:32:09 - INFO - ----九游网19845173012----：验证码剩余时间重新获取(58s)
2025-03-09 15:32:17 - INFO - ----右糖19845173012----：{'status': 200, 'message': 'success'}
2025-03-09 15:32:24 - INFO - ----大米小米19845173012----：{'status': 200, 'code': 0, 'data': True, 'message': '查询数据成功.'}
2025-03-09 15:32:40 - INFO - 手机新浪注册失败
2025-03-09 15:32:48 - INFO - ----海康威视19845173012----：{'code': '000000', 'data': {'code': 200, 'message': 'success', 'data': '{code=0, message=null, result=1058616987948552192}'}, 'message': None}
2025-03-09 15:32:53 - INFO - ----网易数字19845173012----：{'success': True, 'msg': '验证码已发送'}
2025-03-09 15:33:02 - INFO - ----跨境19845173012----：{'code': 0, 'msg': '发送成功', 'data': [], 'meta': {}}
2025-03-09 15:33:11 - INFO - ----acfun19845173012----：{'result': 0}
2025-03-09 15:33:19 - INFO - ----mathtool19845173012----：{'code': 0, 'data': [], 'message': 'ok!'}
2025-03-09 15:33:27 - INFO - ----包月ai19845173012----：{'code': 100, 'msg': 'success', 'data': {}}
2025-03-09 15:33:32 - INFO - ----库迪19845173012----：{'code': 200, 'message': 'success', 'busCode': '1', 'busMessage': 'success', 'data': None, 'traceId': None}
2025-03-09 15:33:39 - INFO - ----氢图19845173012----：{'code': 0, 'message': None, 'result': None}
2025-03-09 15:33:50 - INFO - ----溪流19845173012----：{'code': 200, 'data': True}
2025-03-09 15:34:31 - INFO - ----演图网19845173012----：{'code': '000000', 'msg': 'Message sent successfully'}
2025-03-09 15:34:43 - INFO - ----笔灵ai19845173012----：{'code': 1, 'msg': '验证码发送成功'}
2025-03-09 15:34:53 - INFO - ----豆豆游戏19845173012----：{'code': 0, 'error_code': 0, 'error_message': '', 'payload': {}}
2025-03-09 15:35:10 - INFO - ----九马19845173012----：{'code': 200, 'message': '发送成功', 'data': ''}
2025-03-09 15:35:21 - INFO - ----柏测19845173012----：{'d': 'OK'}
2025-03-09 15:35:41 - INFO - ----欢拓云19845173012----：{'code': 20104, 'msg': '图片验证码错误'}
2025-03-09 15:36:00 - INFO - ----活动汪19845173012----：{'status_code': 1, 'status_message': '验证码发送成功'}
2025-03-09 15:36:11 - INFO - ----派克配音19845173012----：{'code': 1, 'info': '发送成功', 'data': {}}
2025-03-09 15:36:25 - INFO - ----灵感严选19845173012----：{'code': 1, 'msg': '操作成功', 'data': None, 'exception': None, 'error': None, 'stackTrace': None, 'path': None, 'errCode': 1}
2025-03-09 15:36:32 - INFO - ----笔熊19845173012----：{'code': 1, 'msg': '发送成功，有效期为60秒', 'time': '1741505792', 'data': None}
2025-03-09 15:36:43 - INFO - ----美即云19845173012----：{'code': 502, 'msg': ''}
2025-03-09 15:36:52 - INFO - ----诗词19845173012----：{'status': 'ok'}
2025-03-09 15:37:02 - INFO - ----超级文档19845173012----：59 秒后可重试
2025-03-09 15:37:18 - INFO - ----翼虎19845173012----：{'error': 0, 'msg': '写入成功', 'data': 1}
2025-03-09 15:37:29 - INFO - ----考拉19845173012----：{'content': {'data': {'resultCode': 100, 'smsToken': 'idc_15666D0200E8547CF8911DA61F3CB8D38', 'processFinished': True}, 'status': 0, 'success': True}, 'hasError': False}
2025-03-09 15:37:47 - INFO - 执行 c7 失败: 
No element found.
Method: ele()
Arguments: {'locator': 'css=#app > div > div > div.mainBox.greenBgColor > div:nth-child(2) > div.content > form > div:nth-child(2) > div > div > span > span > span > span > span', 'index': 1, 'timeout': 10}
Version: 4.1.0.17
2025-03-09 15:37:53 - INFO - ----3C云19845173012----：{'status': 400, 'msg': 'CODE_SEND_FAIL'}
2025-03-09 15:38:10 - INFO - ----交大云19845173012----：198****3012
2025-03-09 15:38:17 - INFO - ----八法云----：{'code': 0, 'message': 'OK', 'data': {'code': 3}}
2025-03-09 15:39:03 - INFO - ----有言19845173012----：{'error_code': 0, 'error_reason': 'success'}
2025-03-09 15:39:19 - INFO - ----环球医疗19845173012----：jsonp1741505947720({"code":"200","msg":"发送成功"})
2025-03-09 15:39:42 - INFO - ----最有料19845173012----：{'code': 200, 'status': True, 'message': '获取成功', 'url': None, 'other': None}
2025-03-09 15:39:51 - INFO - ----乒协19845173012----：{'code': 100, 'message': 'success', 'tips': None, 'result': True, 'traceId': '198bc2e5-515c-4f27-a3bf-3ae8c85b2223', 'success': True}
2025-03-09 15:40:14 - INFO - ----返利网19845173012---- ：jQuery1830684652160006153_1741506010230({"info":"succes","data":"19845173012","status":1})
2025-03-09 15:40:22 - INFO - ----丽芙家居19845173012----：{'Result': True, 'Status': 1, 'Message': '手机验证码已发送至尾号3012手机，请注意查收', 'InnerData': {'retCode': 1, 'rm': 1}, 'CK': []}
2025-03-09 15:40:26 - INFO - ----穷游网19845173012----：{'error_code': 0, 'result': 'ok', 'data': {'mobile': '86-19845173012'}}
2025-03-09 15:40:35 - INFO - eaju
2025-03-09 15:40:36 - INFO - ----海尔19845173012----：{'result': 'SUCCESS', 'resultCode': '0', 'resultMsg': 'success', 'data': 'SUCCESS'}
2025-03-09 15:40:36 - INFO - success
2025-03-09 15:40:59 - INFO - 百卓注册失败
2025-03-09 15:41:06 - INFO - ----百卓19845173012----：{'retCode': '0'}
2025-03-09 15:41:12 - INFO - 执行 h8 失败: OpenCV(4.11.0) D:\a\opencv-python\opencv-python\opencv\modules\imgproc\src\color.cpp:199: error: (-215:Assertion failed) !_src.empty() in function 'cv::cvtColor'

2025-03-09 15:41:18 - INFO - 126
2025-03-09 15:41:22 - INFO - ----todesk19845173012----：{'statusCode': 200, 'data': {'challengeToken': 'eyJhbGciOiJIUzI1NiIsInR5cCI6IkpXVCJ9.eyJwaG9uZSI6IjE5ODQ1MTczMDEyIiwidXNhZ2UiOjEsIm5vdW5jZSI6IjEiLCJpYXQiOjE3NDE1MDYwODIsImV4cCI6MTc0MTUwNjM4Mn0.5BrDKr-x0jf1GvfEPnplmUpkhUh3FGsMlWHULuxqpa4'}}
2025-03-09 15:41:33 - INFO - ----zol19845173012----：{'info': 'error', 'msg': '图形验证码错误'}
2025-03-09 15:41:36 - INFO - ----zol19845173012----：{'info': 'error', 'msg': '图形验证码错误'}
2025-03-09 15:41:39 - INFO - ----zol19845173012----：{'info': 'ok', 'msg': '动态密码发送成功'}
2025-03-09 15:41:47 - INFO - ----第一会展19845173012----：{'states': 'ok', 'message': '发送成功!'}
2025-03-09 15:42:02 - INFO - ----索尼中国19845173012----：{'resultData': {'registerToken': 'Dq7UeYXgIEZraSg7lUwB0J0F+wwGZ1+xXJuVjh0/OQg='}, 'resultMsg': [{'code': '00', 'message': '成功'}]}
2025-03-09 15:42:08 - INFO - ----爱乐奇19845173012----：suss
2025-03-09 15:42:24 - INFO - 花生同注册失败
2025-03-09 15:42:27 - INFO - ----花生同19845173012----：{'success': True, 'code': '00000', 'lang': None, 'error': None, 'errorHK': None, 'data': None}
2025-03-09 15:42:43 - INFO - ----包图19845173012----：{'status': 1, 'msg': '亲，验证码发送成功'}
2025-03-09 15:42:53 - INFO - ----莫言ai19845173012----：{'code': 200, 'msg': '成功', 'data': []}
2025-03-09 15:43:06 - INFO - ----慕客19845173012----：{'code': 0, 'message': '成功', 'payload': {'captchaVerifyResult': False}}
2025-03-09 15:43:19 - INFO - ----广告狂人19845173012----：{'msg': '操作成功', 'code': '10000'}
2025-03-09 15:43:35 - INFO - ----feemoo19845173012----：{'status': '90001', 'msg': '', 'time': 1741506209, 'data': {'url': 'https://fmph5.jingfile.com/h5_hk', 'width': '290', 'height': '256', 'code': '', 'e': {'code': 200, 'errorCode': 90001, 'msg': '', 'params': {'url': 'https://fmph5.jingfile.com/h5_hk', 'width': '290', 'height': '256', 'code': ''}}}}
2025-03-09 15:43:48 - INFO - ----spai19845173012----：{'error': 0}
2025-03-09 15:44:01 - INFO - 执行 a10 失败: 
No element found.
Method: ele()
Arguments: {'locator': 'css=#txtMobile', 'index': 1, 'timeout': 10}
Version: 4.1.0.17
2025-03-09 15:44:08 - INFO - ----云群19845173012----：{'status': 400, 'msg': '图形验证码有误'}
2025-03-09 15:44:16 - INFO - ----云码19845173012----：<pre>string(43) "{"msg":"发送成功","code":200,"data":[]}"
</pre>
2025-03-09 15:44:24 - INFO - ----创配----：{'states': 'ok', 'message': '发送成功!'}
2025-03-09 15:45:02 - INFO - ----嘉立创19845173012----：{'success': True, 'code': 200}
2025-03-09 15:45:20 - INFO - ----电子发烧友19845173012----：{'status': 'failed', 'error_code': '1', 'msg': '请拖动上方滑块到正确位置', 'field': '40030', 'debug_info': 'no csessionid'}
2025-03-09 15:45:29 - INFO - ----鸟哥笔记----：{'return_code': '200', 'return_msg': '已发送', 'return_data': []}
2025-03-09 15:46:06 - INFO - 执行 i10 失败: 
This element has no location or size.
Version: 4.1.0.17
2025-03-09 15:46:17 - INFO - ----站库19845173012----：{'result': True}
2025-03-09 15:46:21 - INFO - ----万兴科技19845173012----：{'code': 0, 'msg': '', 'data': ''}
2025-03-09 15:46:39 - INFO - ----亿图19845173012----：{'status': 'success', 'msg': '', 'data': {}}
2025-03-09 15:46:52 - INFO - ----医疗器械19845173012----：{'code': '0', 'data': None, 'msg': '验证码发送成功！'}
2025-03-09 15:47:06 - INFO - ----大学生在线19845173012----：{'code': 200, 'message': '发送成功'}
2025-03-09 15:47:15 - INFO - ----永洪19845173012----：{'code': 200, 'data': 'smssuccess'}
2025-03-09 15:47:22 - INFO - ----深信服19845173012----：{'code': 0, 'msg': 'success', 'rows': 'success'}
2025-03-09 15:48:07 - INFO - ----磨刀19845173012----：{'success': '验证码发送成功'}
2025-03-09 15:48:13 - INFO - ----逗逗游戏伙伴19845173012----：{'code': 0, 'error_code': 0, 'error_message': '', 'payload': {}}
2025-03-09 15:48:31 - INFO - ----韩红19845173012----：{'code': 0, 'msg': 'success', 'data': 60}
2025-03-09 15:48:50 - INFO - ----ccf19845173012----：1
2025-03-09 15:49:06 - INFO - ----钻石网19845173012----：{'code': 200, 'msg': '验证成功'}
2025-03-09 15:49:17 - INFO - ----云书网19845173012----：{'code': '0', 'gitVersion': {'git.branch': 'origin/online', 'git.commit.id': '9493803b7f97740d60bed02d3a23f781f35c4156'}, 'message': '短信发送成功', 'trace': 'a375e5eb7c930161'}
2025-03-09 15:49:35 - INFO - ----心理19845173012----：59s
2025-03-09 15:49:44 - INFO - ----拔草19845173012----：{'error': 0, 'msg': '发送成功', 'referer': '', 'state': 'fail'}
2025-03-09 15:50:02 - INFO - 执行 g12 失败: 
No element found.
Method: ele()
Arguments: {'locator': 'css=body > header > div > div.cloud-header-default > div.cloud-right-wrapper > div.login-wrapper > ul > li.nav-register > a', 'index': 1, 'timeout': 10}
Version: 4.1.0.17
2025-03-09 15:50:08 - INFO - ----紫衣19845173012----：{'res': True, 'code': 1, 'msg': '图形验证码不正确', 'err': 1, 'timestamp': 1741506608}
2025-03-09 15:50:12 - INFO - ----紫衣19845173012----：{'res': True, 'code': 1, 'msg': '图形验证码不正确', 'err': 1, 'timestamp': 1741506612}
2025-03-09 15:50:16 - INFO - ----紫衣19845173012----：{'res': True, 'code': 1, 'msg': '图形验证码不正确', 'err': 1, 'timestamp': 1741506616}
2025-03-09 15:50:20 - INFO - ----紫衣19845173012----：{'res': True, 'code': 1, 'msg': '图形验证码不正确', 'err': 1, 'timestamp': 1741506620}
2025-03-09 15:50:24 - INFO - ----紫衣19845173012----：{'res': True, 'code': 1, 'msg': '图形验证码不正确', 'err': 1, 'timestamp': 1741506624}
2025-03-09 15:50:27 - INFO - ----紫衣19845173012----：{'res': True, 'code': 1, 'msg': '图形验证码不正确', 'err': 1, 'timestamp': 1741506627}
2025-03-09 15:50:27 - INFO - 紫衣5次错误
2025-03-09 15:50:57 - INFO - 执行 i12 失败: 
No element found.
Method: ele()
Arguments: {'locator': 'css=body > div:nth-child(1) > div > div:nth-child(3) > p > span:nth-child(1)', 'index': 1, 'timeout': 10}
Version: 4.1.0.17
2025-03-09 15:51:07 - INFO - ----飞乐19845173012----：{'status': 0, 'data': {'noncestr': '13b98rkewa', 'phone': '19845173012', 'timestamp': 1741506667, 'signature': 'ac25d3b19006fc8cabe3104c4fd2fb0d9bb8d26a'}}
2025-03-09 15:52:53 - INFO - Deleted: .\9eef21b94.png
2025-03-09 15:52:53 - INFO - Deleted: .\bd_background.png
2025-03-09 15:52:53 - INFO - Deleted: .\guhai_background.png
2025-03-09 15:52:53 - INFO - Deleted: .\ngbj.png
2025-03-09 15:52:53 - INFO - Deleted: .\tt.png
2025-03-09 15:52:53 - INFO - All PNG images deleted.
2025-03-09 16:19:37 - INFO - ----阿里云19845173012----：{'success': True}
2025-03-09 16:19:52 - INFO - ----百度19845173012----：bd__cbs__yuhfyt({"errno":0,"msg":"\u53d1\u9001\u6210\u529f","vcodestr":null,"vcodesign":null,"isslide":null})
2025-03-09 16:19:58 - INFO - ----凤凰网19845173012----：{'code': 'CaptchaRequired', 'msg': 'code: CaptchaRequired, msg: 需要验证码', 'tips': '需要验证码'}
2025-03-09 16:20:16 - INFO - ----联通云盘19845173012----：{'STATUS': '200', 'MSG': '服务调用成功！', 'LOGID': None, 'RSP': {'RSP_CODE': '0000', 'RSP_DESC': '成功', 'DATA': None}}
2025-03-09 16:20:29 - INFO - ----天翼云盘19845173012----：{'result': 0, 'msg': 'success'}
2025-03-09 16:20:40 - INFO - ----雪球19845173012----：{'success': True}
2025-03-09 16:20:46 - INFO - ----巨量19845173012---- ：{'description': '', 'error_code': 0, 'mobile_ticket': 'mobile_ticket_A5TFXEVEAG9C5RJ6PPFMGSJMX4697CFY'}
2025-03-09 16:20:54 - INFO - ----兔喜19845173012---- ：{'result': {'isRisk': 0}, 'message': '操作成功', 'statusCode': '200', 'status': True}
2025-03-09 16:21:02 - INFO - ----水滴筹19845173012---- ：{'code': 0, 'msg': None, 'data': None}
2025-03-09 16:21:20 - INFO - ----小红书19845173012----：{'code': 0, 'success': True, 'msg': '成功', 'data': {}}
2025-03-09 16:21:32 - INFO - ----豆包19845173012----：{'data': {'log_id': '20250309162132295E73A2B01A826904A3', 'mobile': '198******12', 'mobile_ticket': 'mobile_ticket_UK4AB28QV557DAFEH4TVBTCMGZAGYBCN', 'retry_time': 60}, 'message': 'success'}
2025-03-09 16:21:38 - INFO - ----KYE19845173012---- ：{'code': 0, 'msg': '成功', 'data': {'msg': '验证码已发送至您的手机，请注意查收'}, 'traceId': None, 'success': True}
2025-03-09 16:21:46 - INFO - ----易车19845173012----：59s后重新发送
2025-03-09 16:22:02 - INFO - ----移动云盘19845173012---- ：{'success': True, 'code': '0', 'message': 'OK', 'data': {'result': {'resultCode': '0', 'resultDesc': '请求成功'}, 'mode': '0', 'regFlag': None, 'remainGetTimes': 7, 'verifyCode': None, 'objNumber': None, 'random': 'kfBX7wdA'}}
2025-03-09 16:22:15 - INFO - ----南方泵业19845173012----：{'Data': None, 'Code': 0, 'Message': 'F6952FC71FE8725F10FA26E2E11099D0'}
2025-03-09 16:22:21 - INFO - ----秘塔19845173012----：{'code': 2701, 'msg': '手机号不存在,请先注册!'}
2025-03-09 16:22:29 - INFO - ----孔子学院19845173012----：{'msg': '操作成功', 'code': 200}
2025-03-09 16:22:36 - INFO - ----巨人网络19845173012---- ：{'success': False, 'msg': '账号已存在，建议直接使用该手机号登录', 'data': {'rcmdAccount': ['1984517301212', '1984517301226']}}
2025-03-09 16:22:44 - INFO - ----火山引擎19845173012---- ：{'ResponseMetadata': {'RequestId': '202503091622444EA5C062860F3B084FFA'}}
2025-03-09 16:22:52 - INFO - ----webcsdn学院19845173012----：{'code': '0', 'subCode': '1017', 'message': '成功发送验证码', 'status': True}
2025-03-09 16:22:59 - INFO - ----233乐园19845173012----：验证码倒计时发送验证码s
2025-03-09 16:23:10 - INFO - ----q医疗19845173012----：{'data': {'code': '400'}, 'count': 0}
2025-03-09 16:23:18 - INFO - ----指南者19845173012----：{'code': 0, 'msg': '发送验证码过于频繁，请稍后重试！'}
2025-03-09 16:23:29 - INFO - ----闪德19845173012----：{'code': 0, 'msg': '短信服务异常', 'data': 4, 'url': '', 'wait': 3}
2025-03-09 16:23:34 - INFO - ----顺丰同城19845173012----：{'errno': 0, 'errmsg': '', 'errmsg_lang': [], 'data': {'count': 60}, 'lid': '436246891582056002'}
2025-03-09 16:23:42 - INFO - ----指南者19845173012----：{'code': 0, 'msg': '发送验证码过于频繁，请稍后重试！'}
2025-03-09 16:23:56 - INFO - ----云8819845173012----：{'code': 1, 'msg': '触发号码天级流控Permits:40'}
2025-03-09 16:24:15 - INFO - 执行 wjs 失败: 
No element found.
Method: ele()
Arguments: {'locator': 'css=#dsbLogin1 > div:nth-child(4) > div', 'index': 1, 'timeout': 10}
Version: 4.1.0.17
2025-03-09 16:24:20 - INFO - ----异次元19845173012----：{'state': {'message': '风险', 'code': 505001}}
2025-03-09 16:24:29 - INFO - ----网易云游戏19845173012----：{}
2025-03-09 16:24:40 - INFO - ----aippt19845173012----：{'code': 10856, 'data': None, 'msg': '今日获取验证码已达最大次数，请于明日重试'}
2025-03-09 16:25:22 - INFO - ----万兴19845173012----：{'code': 0, 'msg': '', 'data': ''}
2025-03-09 16:25:33 - INFO - ----九游网19845173012----：验证码剩余时间重新获取(58s)
2025-03-09 16:25:41 - INFO - ----右糖19845173012----：{'status': 200, 'message': 'success'}
2025-03-09 16:25:48 - INFO - ----大米小米19845173012----：{'status': 200, 'code': 0, 'data': True, 'message': '查询数据成功.'}
2025-03-09 16:26:05 - INFO - 手机新浪注册失败
2025-03-09 16:26:14 - INFO - ----海康威视19845173012----：{'code': '000000', 'data': {'code': 200, 'message': 'success', 'data': '{code=0, message=null, result=1058630432983097344}'}, 'message': None}
2025-03-09 16:26:19 - INFO - ----网易数字19845173012----：{'success': True, 'msg': '验证码已发送'}
2025-03-09 16:26:27 - INFO - ----跨境19845173012----：{'code': 500, 'msg': '短信发送失败，请稍后再试~', 'data': [], 'meta': {}}
2025-03-09 16:26:35 - INFO - ----acfun19845173012----：{'result': 0}
2025-03-09 16:26:42 - INFO - ----mathtool19845173012----：{'code': 1013, 'data': [], 'message': ' 短信发送失败,请尝试其它登录方式'}
2025-03-09 16:26:50 - INFO - ----包月ai19845173012----：{'code': 100, 'msg': 'success', 'data': {}}
2025-03-09 16:26:55 - INFO - ----库迪19845173012----：{'code': 200, 'message': 'success', 'busCode': '10408', 'busMessage': '请输入图形验证码', 'data': None, 'traceId': None}
2025-03-09 16:27:01 - INFO - ----氢图19845173012----：{'code': 0, 'message': None, 'result': None}
2025-03-09 16:27:11 - INFO - ----溪流19845173012----：{'code': 500, 'msg': '服务器内部错误，请稍后再试。'}
2025-03-09 16:27:23 - INFO - ----演图网19845173012----：{'code': '000000', 'msg': 'Message sent successfully'}
2025-03-09 16:27:34 - INFO - ----笔灵ai19845173012----：{'code': 1, 'msg': '验证码发送成功'}
2025-03-09 16:27:43 - INFO - ----豆豆游戏19845173012----：{'code': 0, 'error_code': 0, 'error_message': '', 'payload': {}}
2025-03-09 16:27:59 - INFO - ----九马19845173012----：{'code': 200, 'message': '发送成功', 'data': ''}
2025-03-09 16:28:10 - INFO - ----柏测19845173012----：{'d': '触发号码天级流控Permits:40'}
2025-03-09 16:28:32 - INFO - ----欢拓云19845173012----：{'code': 0, 'msg': 'OK'}
2025-03-09 16:28:52 - INFO - ----活动汪19845173012----：{'status_code': 1, 'status_message': '验证码发送成功'}
2025-03-09 16:29:02 - INFO - ----派克配音19845173012----：{'code': 1, 'info': '发送成功', 'data': {}}
2025-03-09 16:29:16 - INFO - ----灵感严选19845173012----：{'code': -1, 'msg': '发送短信失败', 'data': None, 'exception': None, 'error': None, 'stackTrace': None, 'path': None, 'errCode': -1}
2025-03-09 16:29:23 - INFO - ----笔熊19845173012----：{'code': 0, 'msg': 'isv.BUSINESS_LIMIT_CONTROL', 'time': '1741508963', 'data': None}
2025-03-09 16:29:32 - INFO - ----美即云19845173012----：{'code': 502, 'msg': ''}
2025-03-09 16:29:41 - INFO - ----诗词19845173012----：{'status': 'ok'}
2025-03-09 16:29:50 - INFO - ----超级文档19845173012----：59 秒后可重试
2025-03-09 16:30:00 - INFO - ----翼虎19845173012----：{'error': 30008, 'msg': '服务器开小差，请稍后再试', 'data': None}
2025-03-09 16:30:11 - INFO - ----考拉19845173012----：{'content': {'data': {'resultCode': 100, 'smsToken': 'idc_1AE7AE3C296A74531ABAA342BD90B649C', 'processFinished': True}, 'status': 0, 'success': True}, 'hasError': False}
2025-03-09 16:30:29 - INFO - 执行 c7 失败: 
No element found.
Method: ele()
Arguments: {'locator': 'css=#app > div > div > div.mainBox.greenBgColor > div:nth-child(2) > div.content > form > div:nth-child(2) > div > div > span > span > span > span > span', 'index': 1, 'timeout': 10}
Version: 4.1.0.17
2025-03-09 16:30:33 - INFO - ----3C云19845173012----：{'status': 400, 'msg': 'CODE_SEND_FAIL'}
2025-03-09 16:30:50 - INFO - ----交大云19845173012----：198****3012
2025-03-09 16:30:58 - INFO - ----八法云----：{'code': 0, 'message': 'OK', 'data': {'code': 3}}
2025-03-09 16:31:13 - INFO - ----有言19845173012----：{'error_code': 1, 'error_reason': '触发号码天级流控Permits:40'}
2025-03-09 16:31:30 - INFO - ----环球医疗19845173012----：jsonp1741509077916({"code":"210","msg":"发送失败，请过一会再发送"})
2025-03-09 16:31:49 - INFO - ----最有料19845173012----：{'code': 200, 'status': False, 'message': '触发号码天级流控Permits:40', 'url': None, 'other': None}
2025-03-09 16:31:59 - INFO - ----乒协19845173012----：{'code': 10003, 'message': 'error-code.10003:触发号码天级流控Permits:40', 'tips': 'error-code.10003:触发号码天级流控Permits:40', 'result': None, 'traceId': '8230a7ff-5cc6-46ca-91ec-53fe19ec3b7c', 'success': False}
2025-03-09 16:32:39 - INFO - ----返利网19845173012---- ：jQuery18309301028807571157_1741509157088({"info":"succes","data":"19845173012","status":1})
2025-03-09 16:32:46 - INFO - ----丽芙家居19845173012----：{'Result': True, 'Status': 1, 'Message': '手机验证码已发送至尾号3012手机，请注意查收', 'InnerData': {'retCode': 1, 'rm': 1}, 'CK': []}
2025-03-09 16:32:50 - INFO - ----穷游网19845173012----：{'error_code': 0, 'result': 'ok', 'data': {'mobile': '86-19845173012'}}
2025-03-09 16:32:58 - INFO - nJbn
2025-03-09 16:32:58 - INFO - ----海尔19845173012----：{'result': 'SUCCESS', 'resultCode': '0', 'resultMsg': 'success', 'data': 'SUCCESS'}
2025-03-09 16:32:58 - INFO - success
2025-03-09 16:33:13 - INFO - ----百卓19845173012----：{'retCode': '0'}
2025-03-09 16:33:20 - INFO - 执行 h8 失败: OpenCV(4.11.0) D:\a\opencv-python\opencv-python\opencv\modules\imgproc\src\color.cpp:199: error: (-215:Assertion failed) !_src.empty() in function 'cv::cvtColor'

2025-03-09 16:33:25 - INFO - 138
2025-03-09 16:33:28 - INFO - ----todesk19845173012----：{'statusCode': 200, 'data': {'challengeToken': 'eyJhbGciOiJIUzI1NiIsInR5cCI6IkpXVCJ9.eyJwaG9uZSI6IjE5ODQ1MTczMDEyIiwidXNhZ2UiOjEsIm5vdW5jZSI6IjEiLCJpYXQiOjE3NDE1MDkyMDgsImV4cCI6MTc0MTUwOTUwOH0.J6ifqDYlyINwZKQWqdamSziUFCjLu_-8FAHTOou3zfw'}}
2025-03-09 16:33:38 - INFO - ----zol19845173012----：{'info': 'error', 'msg': '图形验证码错误'}
2025-03-09 16:33:41 - INFO - ----zol19845173012----：{'info': 'error', 'msg': '图形验证码错误'}
2025-03-09 16:33:43 - INFO - ----zol19845173012----：{'info': 'error', 'msg': '图形验证码错误'}
2025-03-09 16:33:46 - INFO - ----zol19845173012----：{'info': 'ok', 'msg': '动态密码发送成功'}
2025-03-09 16:34:01 - INFO - ----第一会展19845173012----：{"states":"err","message":"{"Message":"触发号码天级流控Permits:40","RequestId":"273DF593-7E31-5759-A83F-D09F6457627B","Code":"isv.BUSINESS_LIMIT_CONTROL"}"}
2025-03-09 16:34:02 - INFO - 执行 a9 失败: string indices must be integers, not 'str'
2025-03-09 16:34:13 - INFO - ----索尼中国19845173012----：{'resultData': {'registerToken': 'Dq7UeYXgIEZraSg7lUwB0I/tpIozLASpW/Vf1nBFhRw='}, 'resultMsg': [{'code': '00', 'message': '成功'}]}
2025-03-09 16:34:20 - INFO - ----爱乐奇19845173012----：suss
2025-03-09 16:34:26 - INFO - ----花生同19845173012----：{'success': True, 'code': '00000', 'lang': None, 'error': None, 'errorHK': None, 'data': None}
2025-03-09 16:34:42 - INFO - ----包图19845173012----：{'status': 1, 'msg': '亲，验证码发送成功'}
2025-03-09 16:34:51 - INFO - ----莫言ai19845173012----：{'code': 334, 'msg': '验证码错误', 'data': []}
2025-03-09 16:34:54 - INFO - ----莫言ai19845173012----：{'code': 200, 'msg': '成功', 'data': []}
2025-03-09 16:35:08 - INFO - ----慕客19845173012----：{'code': 0, 'message': '成功', 'payload': {'captchaVerifyResult': False}}
2025-03-09 16:35:19 - INFO - ----广告狂人19845173012----：{'msg': '操作成功', 'code': '10000'}
2025-03-09 16:35:34 - INFO - ----feemoo19845173012----：{'status': '90001', 'msg': '', 'time': 1741509328, 'data': {'url': 'https://fmph5.jingfile.com/h5_hk', 'width': '290', 'height': '256', 'code': '', 'e': {'code': 200, 'errorCode': 90001, 'msg': '', 'params': {'url': 'https://fmph5.jingfile.com/h5_hk', 'width': '290', 'height': '256', 'code': ''}}}}
2025-03-09 16:35:47 - INFO - ----spai19845173012----：{'error': 2005, 'msg': '操作失败,请稍后重试', 'data': None, 'total': 0}
2025-03-09 16:36:00 - INFO - 执行 a10 失败: 
No element found.
Method: ele()
Arguments: {'locator': 'css=#txtMobile', 'index': 1, 'timeout': 10}
Version: 4.1.0.17
2025-03-09 16:36:07 - INFO - ----云群19845173012----：{'status': 200, 'msg': 'CODE_SEND_SUCCESS'}
2025-03-09 16:36:14 - INFO - ----云码19845173012----：<pre>string(43) "{"msg":"发送成功","code":200,"data":[]}"
</pre>
2025-03-09 16:36:30 - INFO - 创配注册失败
2025-03-09 16:36:42 - INFO - 创配注册失败
2025-03-09 16:36:54 - INFO - 创配注册失败
2025-03-09 16:37:07 - INFO - 创配注册失败
2025-03-09 16:37:19 - INFO - 创配注册失败
2025-03-09 16:37:32 - INFO - 创配注册失败
2025-03-09 16:37:32 - INFO - 创配5次错误
2025-03-09 16:38:07 - INFO - ----嘉立创19845173012----：{'success': True, 'code': 200}
2025-03-09 16:38:23 - INFO - ----电子发烧友19845173012----：{'status': 'successed', 'error_code': 0, 'data': {'account': '19845173012'}}
2025-03-09 16:38:31 - INFO - ----鸟哥笔记----：{'return_code': '200', 'return_msg': '已发送', 'return_data': []}
2025-03-09 16:38:44 - INFO - ----团结19845173012----：{'success': True, 'data': '198451730121741509522', 'message': None, 'ErrorCode': 0}
2025-03-09 16:38:57 - INFO - ----站库19845173012----：{'result': True}
2025-03-09 16:39:02 - INFO - ----万兴科技19845173012----：{'code': 0, 'msg': '', 'data': ''}
2025-03-09 16:39:16 - INFO - ----亿图19845173012----：{'status': 'success', 'msg': '', 'data': {}}
2025-03-09 16:39:28 - INFO - ----医疗器械19845173012----：{'code': '0', 'data': None, 'msg': '验证码发送成功！'}
2025-03-09 16:39:41 - INFO - ----大学生在线19845173012----：{'code': 200, 'message': '发送成功'}
2025-03-09 16:39:48 - INFO - ----永洪19845173012----：{'code': 200, 'data': 'smssuccess'}
2025-03-09 16:39:56 - INFO - ----深信服19845173012----：{'code': 0, 'msg': 'success', 'rows': 'success'}
2025-03-09 16:40:06 - INFO - ----磨刀19845173012----：{'success': '验证码发送成功'}
2025-03-09 16:40:12 - INFO - ----逗逗游戏伙伴19845173012----：{'code': 0, 'error_code': 0, 'error_message': '', 'payload': {}}
2025-03-09 16:40:27 - INFO - ----韩红19845173012----：{'code': 0, 'msg': 'success', 'data': 60}
2025-03-09 16:40:46 - INFO - ----ccf19845173012----：1
2025-03-09 16:40:57 - INFO - ----钻石网19845173012----：{'code': 200, 'msg': '验证成功'}
2025-03-09 16:41:05 - INFO - ----云书网19845173012----：{'code': '-2', 'gitVersion': {'git.branch': 'origin/online', 'git.commit.id': '9493803b7f97740d60bed02d3a23f781f35c4156'}, 'message': '图片验证码输入有误', 'success': False, 'trace': '7d6680d7ea4af27c'}
2025-03-09 16:41:10 - INFO - ----云书网19845173012----：{'code': '0', 'gitVersion': {'git.branch': 'origin/online', 'git.commit.id': '9493803b7f97740d60bed02d3a23f781f35c4156'}, 'message': '短信发送成功', 'trace': '0f109d5e5e93e0ce'}
2025-03-09 16:41:16 - INFO - 执行 d12 失败: 'code'
2025-03-09 16:41:30 - INFO - 执行 e12 失败: 
No element found.
Method: ele()
Arguments: {'locator': 'css=#sendChkCode', 'index': 1, 'timeout': 10}
Version: 4.1.0.17
2025-03-09 16:41:42 - INFO - 执行 f12 失败: 
No element found.
Method: ele()
Arguments: {'locator': 'css=#phone', 'index': 1, 'timeout': 10}
Version: 4.1.0.17
2025-03-09 16:41:58 - INFO - 执行 g12 失败: 
No element found.
Method: ele()
Arguments: {'locator': 'css=body > header > div > div.cloud-header-default > div.cloud-right-wrapper > div.login-wrapper > ul > li.nav-register > a', 'index': 1, 'timeout': 10}
Version: 4.1.0.17
2025-03-09 16:42:13 - INFO - 紫衣注册失败
2025-03-09 16:42:26 - INFO - 紫衣注册失败
2025-03-09 16:42:39 - INFO - 紫衣注册失败
2025-03-09 16:42:53 - INFO - 紫衣注册失败
2025-03-09 16:43:06 - INFO - 紫衣注册失败
2025-03-09 16:43:20 - INFO - 紫衣注册失败
2025-03-09 16:43:20 - INFO - 紫衣5次错误
2025-03-09 16:43:50 - INFO - 执行 i12 失败: 
No element found.
Method: ele()
Arguments: {'locator': 'css=body > div:nth-child(1) > div > div:nth-child(3) > p > span:nth-child(1)', 'index': 1, 'timeout': 10}
Version: 4.1.0.17
2025-03-09 16:43:58 - INFO - ----飞乐19845173012----：{'status': -1, 'msg': 'CODE_RES_ERROR'}
2025-03-09 16:44:01 - INFO - ----飞乐19845173012----：{'status': -1, 'msg': 'CODE_RES_ERROR'}
2025-03-09 16:44:15 - INFO - 飞乐注册失败
2025-03-09 16:44:15 - INFO - 执行 j12 失败: 'status'
2025-03-09 16:46:03 - INFO - ----阿里云19845173012----：{'success': True}
2025-03-09 16:46:12 - INFO - ----雪球19845173012----：{'success': True}
2025-03-09 16:46:19 - INFO - ----巨量19845173012---- ：{'description': '', 'error_code': 0, 'mobile_ticket': 'mobile_ticket_BN5SAXFZFR4R5NAYVTC53EF227HY2UGY'}
2025-03-09 16:46:26 - INFO - ----兔喜19845173012---- ：{'result': {'isRisk': 0}, 'message': '操作成功', 'statusCode': '200', 'status': True}
2025-03-09 16:46:37 - INFO - ----天翼云盘19845173012----：{'result': 0, 'msg': 'success'}
2025-03-09 16:46:45 - INFO - ----水滴筹19845173012---- ：{'code': 0, 'msg': None, 'data': None}
2025-03-09 16:46:56 - INFO - ----豆包19845173012----：{'data': {'log_id': '20250309164656EE74ACD9218C7941618A', 'mobile': '198******12', 'mobile_ticket': 'mobile_ticket_K68DESTCJ26Z5A5CDBH6P2ECA9GX5BGH', 'retry_time': 60}, 'message': 'success'}
2025-03-09 16:47:25 - INFO - ----webcsdn学院19845173012----：{'code': '0', 'subCode': '1017', 'message': '成功发送验证码', 'status': True}
2025-03-09 16:47:34 - INFO - ----火山引擎19845173012---- ：{'ResponseMetadata': {'RequestId': '20250309164734EABCA04DF188002EC5BB'}}
2025-03-09 16:47:41 - INFO - ----巨人网络19845173012---- ：{'success': False, 'msg': '账号已存在，建议直接使用该手机号登录', 'data': {'rcmdAccount': ['1984517301226', '1984517301212']}}
2025-03-09 16:47:49 - INFO - ----孔子学院19845173012----：{'msg': '操作成功', 'code': 200}
2025-03-09 16:48:01 - INFO - ----南方泵业19845173012----：{'Data': None, 'Code': 0, 'Message': '6E392B763FC53A78ACB57AF6CACCDE82'}
2025-03-09 16:48:18 - INFO - ----移动云盘19845173012---- ：{'success': True, 'code': '0', 'message': 'OK', 'data': {'result': {'resultCode': '0', 'resultDesc': '请求成功'}, 'mode': '0', 'regFlag': None, 'remainGetTimes': 6, 'verifyCode': None, 'objNumber': None, 'random': 'XkK1c3ay'}}
2025-03-09 16:48:26 - INFO - ----易车19845173012----：59s后重新发送
2025-03-09 16:48:33 - INFO - ----233乐园19845173012----：验证码倒计时发送验证码s
2025-03-09 16:48:43 - INFO - ----q医疗19845173012----：{'data': {'code': '400'}, 'count': 0}
2025-03-09 16:48:51 - INFO - ----网易云游戏19845173012----：{}
2025-03-09 16:49:01 - INFO - ----九游网19845173012----：验证码剩余时间重新获取(58s)
2025-03-09 16:49:09 - INFO - ----右糖19845173012----：{'status': 200, 'message': 'success'}
2025-03-09 16:49:14 - INFO - ----大米小米19845173012----：{'status': 200, 'code': 0, 'data': True, 'message': '查询数据成功.'}
2025-03-09 16:49:22 - INFO - ----海康威视19845173012----：{'code': '000000', 'data': {'code': 200, 'message': 'success', 'data': '{code=0, message=null, result=1058636257176854528}'}, 'message': None}
2025-03-09 16:49:28 - INFO - ----网易数字19845173012----：{'success': True, 'msg': '验证码已发送'}
2025-03-09 16:49:35 - INFO - ----跨境19845173012----：{'code': 500, 'msg': '短信发送失败，请稍后再试~', 'data': [], 'meta': {}}
2025-03-09 16:49:43 - INFO - ----acfun19845173012----：{'result': 0}
2025-03-09 16:49:51 - INFO - ----包月ai19845173012----：{'code': 100, 'msg': 'success', 'data': {}}
2025-03-09 16:49:57 - INFO - ----氢图19845173012----：{'code': 0, 'message': None, 'result': None}
2025-03-09 16:50:08 - INFO - ----溪流19845173012----：{'code': 500, 'msg': '服务器内部错误，请稍后再试。'}
2025-03-09 16:50:17 - INFO - ----演图网19845173012----：{'code': '000000', 'msg': 'Message sent successfully'}
2025-03-09 16:50:28 - INFO - ----笔灵ai19845173012----：{'code': 1, 'msg': '验证码发送成功'}
2025-03-09 16:52:46 - INFO - 执行 i5 失败: 
No element found.
Method: ele()
Arguments: {'locator': 'css=#__nuxt > div.app-header.pc-header > div > div.header-right > div:nth-child(6) > div > span', 'index': 1, 'timeout': 10}
Version: 4.1.0.17
2025-03-09 16:52:55 - INFO - ----九马19845173012----：{'code': 200, 'message': '发送成功', 'data': ''}
2025-03-09 16:53:11 - INFO - ----活动汪19845173012----：{'status_code': 1, 'status_message': '验证码发送成功'}
2025-03-09 16:53:21 - INFO - ----派克配音19845173012----：{'code': 1, 'info': '发送成功', 'data': {}}
2025-03-09 16:53:31 - INFO - ----美即云19845173012----：{'code': 502, 'msg': ''}
2025-03-09 16:53:40 - INFO - ----诗词19845173012----：{'status': 'ok'}
2025-03-09 16:53:50 - INFO - ----超级文档19845173012----：59 秒后可重试
2025-03-09 16:53:59 - INFO - ----考拉19845173012----：{'content': {'data': {'resultCode': 100, 'smsToken': 'idc_15F79BBC9975345839AB2E09CA7FD8CFE', 'processFinished': True}, 'status': 0, 'success': True}, 'hasError': False}
2025-03-09 16:54:16 - INFO - ----交大云19845173012----：198****3012
2025-03-09 16:54:23 - INFO - ----八法云----：{'code': 0, 'message': 'OK', 'data': {'code': 3}}
2025-03-09 16:54:32 - INFO - ----返利网19845173012---- ：jQuery18307898402592110036_1741510466197({"info":"succes","data":"19845173012","status":1})
2025-03-09 16:54:40 - INFO - ----丽芙家居19845173012----：{'Result': False, 'Status': 2, 'Message': '您的图形验证码有误，请确认后重新输入', 'InnerData': None, 'CK': []}
2025-03-09 16:54:43 - INFO - ----丽芙家居19845173012----：{'Result': False, 'Status': 2, 'Message': '您的图形验证码有误，请确认后重新输入', 'InnerData': None, 'CK': []}
2025-03-09 16:54:45 - INFO - ----丽芙家居19845173012----：{'Result': True, 'Status': 1, 'Message': '手机验证码已发送至尾号3012手机，请注意查收', 'InnerData': {'retCode': 1, 'rm': 0}, 'CK': []}
2025-03-09 16:54:49 - INFO - ----穷游网19845173012----：{'error_code': 0, 'result': 'ok', 'data': {'mobile': '86-19845173012'}}
2025-03-09 16:54:58 - INFO - vpmc
2025-03-09 16:54:58 - INFO - ----海尔19845173012----：{'result': 'SUCCESS', 'resultCode': '0', 'resultMsg': 'success', 'data': 'SUCCESS'}
2025-03-09 16:54:58 - INFO - success
2025-03-09 16:55:06 - INFO - 140
2025-03-09 16:55:09 - INFO - ----todesk19845173012----：{'statusCode': 200, 'data': {'challengeToken': 'eyJhbGciOiJIUzI1NiIsInR5cCI6IkpXVCJ9.eyJwaG9uZSI6IjE5ODQ1MTczMDEyIiwidXNhZ2UiOjEsIm5vdW5jZSI6IjEiLCJpYXQiOjE3NDE1MTA1MDksImV4cCI6MTc0MTUxMDgwOX0.Cr459UZB0nQMvE_DIdhr1uxhVzv5dp_8SvAxS9UMntE'}}
2025-03-09 16:55:17 - INFO - ----zol19845173012----：{'info': 'ok', 'msg': '动态密码发送成功'}
2025-03-09 16:55:30 - INFO - ----索尼中国19845173012----：{'resultData': {'registerToken': 'Dq7UeYXgIEZraSg7lUwB0IK/BeGwrTdgxKD/oCK6J4w='}, 'resultMsg': [{'code': '00', 'message': '成功'}]}
2025-03-09 16:55:36 - INFO - ----爱乐奇19845173012----：suss
2025-03-09 16:55:42 - INFO - ----花生同19845173012----：{'success': True, 'code': '00000', 'lang': None, 'error': None, 'errorHK': None, 'data': None}
2025-03-09 16:55:59 - INFO - ----包图19845173012----：{'status': 1, 'msg': '亲，验证码发送成功'}
2025-03-09 16:56:08 - INFO - ----莫言ai19845173012----：{'code': 200, 'msg': '成功', 'data': []}
2025-03-09 16:56:20 - INFO - ----慕客19845173012----：{'code': 0, 'message': '成功', 'payload': {'captchaVerifyResult': False}}
2025-03-09 16:56:30 - INFO - ----广告狂人19845173012----：{'msg': '验证码校验有误或已过期', 'code': '60003'}
2025-03-09 16:56:34 - INFO - ----广告狂人19845173012----：{'msg': '操作成功', 'code': '10000'}
2025-03-09 16:56:48 - INFO - ----spai19845173012----：{'error': 2005, 'msg': '操作失败,请稍后重试', 'data': None, 'total': 0}
2025-03-09 16:56:55 - INFO - ----云群19845173012----：{'status': 400, 'msg': '图形验证码有误'}
2025-03-09 16:57:02 - INFO - ----云码19845173012----：<pre>string(43) "{"msg":"发送成功","code":200,"data":[]}"
</pre>
2025-03-09 16:57:23 - INFO - ----嘉立创19845173012----：{'success': True, 'code': 200}
2025-03-09 16:57:38 - INFO - ----电子发烧友19845173012----：{'status': 'successed', 'error_code': 0, 'data': {'account': '19845173012'}}
2025-03-09 16:57:52 - INFO - ----团结19845173012----：{'success': True, 'data': '198451730121741510670', 'message': None, 'ErrorCode': 0}
2025-03-09 16:58:05 - INFO - ----站库19845173012----：{'result': True}
2025-03-09 16:58:24 - INFO - 医疗器械注册失败
2025-03-09 16:58:31 - INFO - ----永洪19845173012----：{'code': 200, 'data': 'smssuccess'}
2025-03-09 16:58:37 - INFO - ----深信服19845173012----：{'code': 0, 'msg': 'success', 'rows': 'success'}
2025-03-09 16:58:48 - INFO - ----磨刀19845173012----：{'success': '验证码发送成功'}
2025-03-09 16:58:54 - INFO - ----逗逗游戏伙伴19845173012----：{'code': 0, 'error_code': 0, 'error_message': '', 'payload': {}}
2025-03-09 16:59:04 - INFO - ----云书网19845173012----：{'code': '0', 'gitVersion': {'git.branch': 'origin/online', 'git.commit.id': '9493803b7f97740d60bed02d3a23f781f35c4156'}, 'message': '短信发送成功', 'trace': '29aff42a997ab441'}
2025-03-09 16:59:05 - INFO - Deleted: .\bd_background.png
2025-03-09 16:59:05 - INFO - Deleted: .\df76256df.png
2025-03-09 16:59:05 - INFO - Deleted: .\guhai_background.png
2025-03-09 16:59:05 - INFO - Deleted: .\hzzx.png
2025-03-09 16:59:05 - INFO - Deleted: .\ngbj.png
2025-03-09 16:59:05 - INFO - Deleted: .\tt.png
2025-03-09 16:59:05 - INFO - Deleted: .\xl.png
2025-03-09 16:59:05 - INFO - All PNG images deleted.
2025-03-09 18:11:15 - INFO - ----阿里云19845173012----：{'success': True}
2025-03-09 18:11:32 - INFO - ----百度19845173012----：bd__cbs__emppw({"errno":18,"msg":"\u8bf7\u586b\u5199\u9a8c\u8bc1\u7801","vcodestr":"tcP53817b1a2bce005f0235189b7201bfdbf7a4852b230178e7","vcodesign":"c1c4a86ab3","isslide":null})
2025-03-09 18:11:37 - INFO - ----凤凰网19845173012----：{'code': 'CaptchaRequired', 'msg': 'code: CaptchaRequired, msg: 需要验证码', 'tips': '需要验证码'}
2025-03-09 18:11:56 - INFO - ----联通云盘19845173012----：{'STATUS': '200', 'MSG': '服务调用成功！', 'LOGID': None, 'RSP': {'RSP_CODE': '6006', 'RSP_DESC': '图形验证码未输入或缺失参数！', 'DATA': {'isNeedVerfyCode': 1}}}
2025-03-09 18:12:47 - INFO - 天翼云盘注册失败
2025-03-09 18:12:58 - INFO - ----雪球19845173012----：{'success': True}
2025-03-09 18:13:05 - INFO - ----巨量19845173012---- ：{'description': '', 'error_code': 0, 'mobile_ticket': 'mobile_ticket_KWUNZRMU7NQURQM6YV835EXSCGGA4DBD'}
2025-03-09 18:13:13 - INFO - ----兔喜19845173012---- ：{'result': {'isRisk': 0}, 'message': '操作成功', 'statusCode': '200', 'status': True}
2025-03-09 18:13:21 - INFO - ----水滴筹19845173012---- ：{'code': 71211, 'msg': '开启图形校验', 'data': None}
2025-03-09 18:13:39 - INFO - ----小红书19845173012----：{'success': True, 'msg': '成功', 'data': {}, 'code': 0}
2025-03-09 18:13:52 - INFO - ----豆包19845173012----：{'data': {'log_id': '20250309181352426C97C70FDD7972D93E', 'mobile': '198******12', 'mobile_ticket': 'mobile_ticket_VYS7R63DK8BFFUE48MTZRZF9W52GCV3H', 'retry_time': 60}, 'message': 'success'}
2025-03-09 18:13:59 - INFO - ----KYE19845173012---- ：{'code': 0, 'msg': '成功', 'data': {'msg': '验证码已发送至您的手机，请注意查收'}, 'traceId': None, 'success': True}
2025-03-09 18:14:07 - INFO - ----易车19845173012----：0s后重新发送
2025-03-09 18:14:21 - INFO - ----移动云盘19845173012---- ：{'success': True, 'code': '0', 'message': 'OK', 'data': {'result': {'resultCode': '0', 'resultDesc': '请求成功'}, 'mode': '0', 'regFlag': None, 'remainGetTimes': 3, 'verifyCode': None, 'objNumber': None, 'random': 'mHIZpRwa'}}
2025-03-09 18:14:34 - INFO - ----南方泵业19845173012----：{'Data': None, 'Code': 0, 'Message': 'EC7D61216E92A1B3E3C0F7F71EB21A94'}
2025-03-09 18:14:41 - INFO - ----秘塔19845173012----：{'code': 2701, 'msg': '手机号不存在,请先注册!'}
2025-03-09 18:14:49 - INFO - ----孔子学院19845173012----：{'msg': '操作成功', 'code': 200}
2025-03-09 18:14:58 - INFO - ----巨人网络19845173012---- ：{'success': False, 'msg': '账号已存在，建议直接使用该手机号登录', 'data': {'rcmdAccount': ['1984517301225', '1984517301212']}}
2025-03-09 18:15:06 - INFO - ----火山引擎19845173012---- ：{'ResponseMetadata': {'RequestId': '20250309181505D415EC187BED3339B13F'}}
2025-03-09 18:15:36 - INFO - ----webcsdn学院19845173012----：{'code': '0', 'subCode': '1017', 'message': '成功发送验证码', 'status': True}
2025-03-09 18:15:43 - INFO - ----233乐园19845173012----：验证码倒计时发送验证码s
2025-03-09 18:15:54 - INFO - ----q医疗19845173012----：{'data': {'code': '400'}, 'count': 0}
2025-03-09 18:16:04 - INFO - ----指南者19845173012----：{'code': 0, 'msg': '发送验证码过于频繁，请稍后重试！'}
2025-03-09 18:16:15 - INFO - ----闪德19845173012----：{'code': 0, 'msg': '短信服务异常', 'data': 4, 'url': '', 'wait': 3}
2025-03-09 18:16:21 - INFO - ----顺丰同城19845173012----：{'errno': 3001, 'errmsg': '请输入图片验证码', 'errmsg_lang': {'zh': '请输入图片验证码', 'en': 'Please enter the image verification code.'}, 'data': None, 'lid': '443013966675772413'}
2025-03-09 18:16:30 - INFO - ----指南者19845173012----：{'code': 0, 'msg': '发送验证码过于频繁，请稍后重试！'}
2025-03-09 18:16:48 - INFO - ----云8819845173012----：{'code': 1, 'msg': '触发号码天级流控Permits:40'}
2025-03-09 18:17:08 - INFO - 执行 wjs 失败: 
No element found.
Method: ele()
Arguments: {'locator': 'css=#dsbLogin1 > div:nth-child(4) > div', 'index': 1, 'timeout': 10}
Version: 4.1.0.17
2025-03-09 18:17:14 - INFO - ----异次元19845173012----：{'state': {'message': '风险', 'code': 505001}}
2025-03-09 18:17:30 - INFO - 网易云游戏注册失败
2025-03-09 18:17:42 - INFO - ----aippt19845173012----：{'code': 10856, 'data': None, 'msg': '今日获取验证码已达最大次数，请于明日重试'}
2025-03-09 18:18:31 - INFO - ----万兴19845173012----：{'code': 231203, 'msg': 'The number of SMS messages that can be sent from this account in one day has been exceeded', 'data': None}
2025-03-09 18:18:41 - INFO - ----九游网19845173012----：验证码剩余时间重新获取(58s)
2025-03-09 18:18:50 - INFO - ----右糖19845173012----：{'status': 200, 'message': 'success'}
2025-03-09 18:18:56 - INFO - ----大米小米19845173012----：{'status': 200, 'code': 0, 'data': True, 'message': '查询数据成功.'}
2025-03-09 18:19:12 - INFO - 手机新浪注册失败
2025-03-09 18:19:19 - INFO - ----海康威视19845173012----：{'code': '000000', 'data': {'code': 200, 'message': 'success', 'data': '{code=0, message=null, result=1058658895060144128}'}, 'message': None}
2025-03-09 18:19:25 - INFO - ----网易数字19845173012----：{'success': True, 'msg': '验证码已发送'}
2025-03-09 18:19:34 - INFO - ----跨境19845173012----：{'code': 500, 'msg': '短信发送失败，请稍后再试~', 'data': [], 'meta': {}}
2025-03-09 18:19:43 - INFO - ----acfun19845173012----：{'result': 100001014, 'error_msg': '操作太快, 稍后再试'}
2025-03-09 18:19:59 - INFO - 执行 b5 失败: 
No element found.
Method: ele()
Arguments: {'locator': 'css=#__layout > div > div.ui-dialog > div > div > div.dialogs-login > div.login-right > div.other-login > div.other-login-type > div:nth-child(2) > div:nth-child(1)', 'index': 1, 'timeout': 10}
Version: 4.1.0.17
2025-03-09 18:20:07 - INFO - ----包月ai19845173012----：{'code': 100, 'msg': 'success', 'data': {}}
2025-03-09 18:20:11 - INFO - ----库迪19845173012----：{'code': 200, 'message': 'success', 'busCode': '10408', 'busMessage': '请输入图形验证码', 'data': None, 'traceId': None}
2025-03-09 18:20:18 - INFO - ----氢图19845173012----：{'code': 0, 'message': None, 'result': None}
2025-03-09 18:20:29 - INFO - ----溪流19845173012----：{'code': 500, 'msg': '服务器内部错误，请稍后再试。'}
2025-03-09 18:20:40 - INFO - ----演图网19845173012----：{'code': '000000', 'msg': 'Message sent successfully'}
2025-03-09 18:20:54 - INFO - ----笔灵ai19845173012----：{'code': 1, 'msg': '验证码发送成功'}
2025-03-09 18:21:02 - INFO - ----豆豆游戏19845173012----：{'code': 0, 'error_code': 0, 'error_message': '', 'payload': {}}
2025-03-09 18:21:19 - INFO - ----九马19845173012----：{'code': 200, 'message': '发送成功', 'data': ''}
2025-03-09 18:21:31 - INFO - ----柏测19845173012----：{'d': '触发号码天级流控Permits:40'}
2025-03-09 18:21:52 - INFO - ----欢拓云19845173012----：{'code': 0, 'msg': 'OK'}
2025-03-09 18:22:12 - INFO - ----活动汪19845173012----：{'status_code': 1, 'status_message': '验证码发送成功'}
2025-03-09 18:22:22 - INFO - ----派克配音19845173012----：{'code': 1, 'info': '发送成功', 'data': {}}
2025-03-09 18:22:36 - INFO - ----灵感严选19845173012----：{'code': -1, 'msg': '发送短信失败', 'data': None, 'exception': None, 'error': None, 'stackTrace': None, 'path': None, 'errCode': -1}
2025-03-09 18:22:45 - INFO - ----笔熊19845173012----：{'code': 0, 'msg': 'isv.BUSINESS_LIMIT_CONTROL', 'time': '1741515764', 'data': None}
2025-03-09 18:22:55 - INFO - ----美即云19845173012----：{'code': 502, 'msg': ''}
2025-03-09 18:23:06 - INFO - ----诗词19845173012----：{'status': 'ok'}
2025-03-09 18:23:16 - INFO - ----超级文档19845173012----：59 秒后可重试
2025-03-09 18:23:26 - INFO - ----翼虎19845173012----：{'error': 40000, 'msg': '您操作过于频繁，请通过验证', 'data': None}
2025-03-09 18:23:37 - INFO - ----考拉19845173012----：{'content': {'data': {'resultCode': 100, 'smsToken': 'idc_167686E9F0C424465910204C0C2356889', 'processFinished': True}, 'status': 0, 'success': True}, 'hasError': False}
2025-03-09 18:23:46 - INFO - ----黑猫会19845173012----：{'code': 1, 'msg': 'fail'}
2025-03-09 18:23:51 - INFO - ----3C云19845173012----：{'status': 400, 'msg': 'CODE_SEND_FAIL'}
2025-03-09 18:24:09 - INFO - ----交大云19845173012----：198****3012
2025-03-09 18:24:15 - INFO - ----八法云----：{'code': 0, 'message': 'OK', 'data': {'code': 3}}
2025-03-09 18:24:33 - INFO - ----有言19845173012----：{'error_code': 1, 'error_reason': '触发号码天级流控Permits:40'}
2025-03-09 18:24:49 - INFO - ----环球医疗19845173012----：jsonp1741515877436({"code":"210","msg":"发送失败，请过一会再发送"})
2025-03-09 18:25:11 - INFO - ----最有料19845173012----：{'code': 200, 'status': False, 'message': '触发号码天级流控Permits:40', 'url': None, 'other': None}
2025-03-09 18:25:19 - INFO - ----乒协19845173012----：{'code': 10003, 'message': 'error-code.10003:触发号码天级流控Permits:40', 'tips': 'error-code.10003:触发号码天级流控Permits:40', 'result': None, 'traceId': 'b9cf88c5-fc52-4a77-a062-487e5637a320', 'success': False}
2025-03-09 18:26:01 - INFO - ----返利网19845173012---- ：jQuery18307455379229583354_1741515958053({"info":"succes","data":"19845173012","status":1})
2025-03-09 18:26:09 - INFO - ----丽芙家居19845173012----：{'Result': False, 'Status': 2, 'Message': '您的图形验证码有误，请确认后重新输入', 'InnerData': None, 'CK': []}
2025-03-09 18:26:12 - INFO - ----丽芙家居19845173012----：{'Result': False, 'Status': 2, 'Message': '您的图形验证码有误，请确认后重新输入', 'InnerData': None, 'CK': []}
2025-03-09 18:26:15 - INFO - ----丽芙家居19845173012----：{'Result': True, 'Status': 1, 'Message': '手机验证码已发送至尾号3012手机，请注意查收', 'InnerData': {'retCode': 1, 'rm': 1}, 'CK': []}
2025-03-09 18:26:19 - INFO - ----穷游网19845173012----：{'error_code': 0, 'result': 'ok', 'data': {'mobile': '86-19845173012'}}
2025-03-09 18:26:28 - INFO - iksmm
2025-03-09 18:26:29 - INFO - ----海尔19845173012----：{'result': None, 'resultCode': '043004', 'resultMsg': 'Invalid image captcha', 'data': None}
2025-03-09 18:26:29 - INFO - Invalid image captcha
2025-03-09 18:26:31 - INFO - ----海尔19845173012----：{'result': 'SUCCESS', 'resultCode': '0', 'resultMsg': 'success', 'data': 'SUCCESS'}
2025-03-09 18:26:44 - INFO - ----百卓19845173012----：{'retCode': '0'}
2025-03-09 18:26:50 - INFO - 执行 h8 失败: OpenCV(4.11.0) D:\a\opencv-python\opencv-python\opencv\modules\imgproc\src\color.cpp:199: error: (-215:Assertion failed) !_src.empty() in function 'cv::cvtColor'

2025-03-09 18:26:56 - INFO - 117
2025-03-09 18:26:59 - INFO - ----todesk19845173012----：{'statusCode': 200, 'data': {'challengeToken': 'eyJhbGciOiJIUzI1NiIsInR5cCI6IkpXVCJ9.eyJwaG9uZSI6IjE5ODQ1MTczMDEyIiwidXNhZ2UiOjEsIm5vdW5jZSI6IjEiLCJpYXQiOjE3NDE1MTYwMTgsImV4cCI6MTc0MTUxNjMxOH0.6XoQFYoXuIoc3W6rA_KkduaBMWJ_A1BJG_xXGtnj9cg'}}
2025-03-09 18:27:09 - INFO - ----zol19845173012----：{'info': 'error', 'msg': '图形验证码错误'}
2025-03-09 18:27:12 - INFO - ----zol19845173012----：{'info': 'error', 'msg': '图形验证码错误'}
2025-03-09 18:27:15 - INFO - ----zol19845173012----：{'info': 'error', 'msg': '图形验证码错误'}
2025-03-09 18:27:17 - INFO - ----zol19845173012----：{'info': 'ok', 'msg': '动态密码发送成功'}
2025-03-09 18:27:28 - INFO - ----第一会展19845173012----：{"states":"err","message":"{"Message":"触发号码天级流控Permits:40","RequestId":"B9CB5A30-3381-5CCD-8548-CD8EE3901715","Code":"isv.BUSINESS_LIMIT_CONTROL"}"}
2025-03-09 18:27:29 - INFO - 执行 a9 失败: string indices must be integers, not 'str'
2025-03-09 18:27:42 - INFO - ----索尼中国19845173012----：{'resultData': {'registerToken': 'Dq7UeYXgIEZraSg7lUwB0D8KFf4qDsf/P+mWruIZD8E='}, 'resultMsg': [{'code': '00', 'message': '成功'}]}
2025-03-09 18:27:48 - INFO - ----爱乐奇19845173012----：suss
2025-03-09 18:27:54 - INFO - ----花生同19845173012----：{'success': True, 'code': '00000', 'lang': None, 'error': None, 'errorHK': None, 'data': None}
2025-03-09 18:28:10 - INFO - ----包图19845173012----：{'status': 1, 'msg': '亲，验证码发送成功'}
2025-03-09 18:28:19 - INFO - ----莫言ai19845173012----：{'code': 334, 'msg': '验证码错误', 'data': []}
2025-03-09 18:28:22 - INFO - ----莫言ai19845173012----：{'code': 334, 'msg': '验证码错误', 'data': []}
2025-03-09 18:28:25 - INFO - ----莫言ai19845173012----：{'code': 334, 'msg': '验证码错误', 'data': []}
2025-03-09 18:28:27 - INFO - ----莫言ai19845173012----：{'code': 200, 'msg': '成功', 'data': []}
2025-03-09 18:28:41 - INFO - ----慕客19845173012----：{'code': 0, 'message': '成功', 'payload': {'captchaVerifyResult': False}}
2025-03-09 18:28:53 - INFO - ----广告狂人19845173012----：{'msg': '操作成功', 'code': '10000'}
2025-03-09 18:29:10 - INFO - ----feemoo19845173012----：{'status': '90001', 'msg': '', 'time': 1741516143, 'data': {'url': 'https://fmph5.jingfile.com/h5_hk', 'width': '290', 'height': '256', 'code': '', 'e': {'code': 200, 'errorCode': 90001, 'msg': '', 'params': {'url': 'https://fmph5.jingfile.com/h5_hk', 'width': '290', 'height': '256', 'code': ''}}}}
2025-03-09 18:29:23 - INFO - ----spai19845173012----：{'error': 2005, 'msg': '操作失败,请稍后重试', 'data': None, 'total': 0}
2025-03-09 18:29:35 - INFO - 执行 a10 失败: 
No element found.
Method: ele()
Arguments: {'locator': 'css=#txtMobile', 'index': 1, 'timeout': 10}
Version: 4.1.0.17
2025-03-09 18:29:43 - INFO - ----云群19845173012----：{'status': 400, 'msg': '图形验证码有误'}
2025-03-09 18:29:50 - INFO - ----云码19845173012----：<pre>string(43) "{"msg":"发送成功","code":200,"data":[]}"
</pre>
2025-03-09 18:29:59 - INFO - ----创配----：{"states":"err","message":"{"Message":"触发号码天级流控Permits:40","RequestId":"E8EAB628-1DB7-552B-8B4C-FEA9CC69E695","Code":"isv.BUSINESS_LIMIT_CONTROL"}"}
2025-03-09 18:29:59 - INFO - 执行 d10 失败: string indices must be integers, not 'str'
2025-03-09 18:30:37 - INFO - ----嘉立创19845173012----：{'success': True, 'code': 200}
2025-03-09 18:30:52 - INFO - ----电子发烧友19845173012----：{'status': 'successed', 'error_code': 0, 'data': {'account': '19845173012'}}
2025-03-09 18:31:01 - INFO - ----鸟哥笔记----：{'return_code': '200', 'return_msg': '已发送', 'return_data': []}
2025-03-09 18:31:21 - INFO - ----团结19845173012----：{'success': True, 'data': '198451730121741516278', 'message': None, 'ErrorCode': 0}
2025-03-09 18:31:34 - INFO - ----站库19845173012----：
2025-03-09 18:31:38 - INFO - ----万兴科技19845173012----：{'code': 231203, 'msg': 'The number of SMS messages that can be sent from this account in one day has been exceeded', 'data': None}
2025-03-09 18:31:57 - INFO - ----亿图19845173012----：{'status': 'success', 'msg': '', 'data': {}}
2025-03-09 18:32:08 - INFO - ----医疗器械19845173012----：{'code': '1', 'data': None, 'msg': '验证码已发送！'}
2025-03-09 18:32:23 - INFO - ----大学生在线19845173012----：{'code': 200, 'message': '发送成功'}
2025-03-09 18:32:32 - INFO - ----永洪19845173012----：{'code': 200, 'data': 'smssuccess'}
2025-03-09 18:32:37 - INFO - ----深信服19845173012----：{'code': 0, 'msg': 'success', 'rows': 'success'}
2025-03-09 18:32:50 - INFO - ----磨刀19845173012----：{'success': '验证码发送成功'}
2025-03-09 18:32:57 - INFO - ----逗逗游戏伙伴19845173012----：{'code': 0, 'error_code': 0, 'error_message': '', 'payload': {}}
2025-03-09 18:33:13 - INFO - ----韩红19845173012----：{'code': 0, 'msg': 'success', 'data': 60}
2025-03-09 18:33:32 - INFO - ----ccf19845173012----：1
2025-03-09 18:33:48 - INFO - ----钻石网19845173012----：{'code': 200, 'msg': '验证成功'}
2025-03-09 18:33:58 - INFO - ----云书网19845173012----：{'code': '-2', 'gitVersion': {'git.branch': 'origin/online', 'git.commit.id': '9493803b7f97740d60bed02d3a23f781f35c4156'}, 'message': '图片验证码输入有误', 'success': False, 'trace': 'e17c617e4d04aa4a'}
2025-03-09 18:34:02 - INFO - ----云书网19845173012----：{'code': '-2', 'gitVersion': {'git.branch': 'origin/online', 'git.commit.id': '9493803b7f97740d60bed02d3a23f781f35c4156'}, 'message': '图片验证码输入有误', 'success': False, 'trace': '817626f6bef160c0'}
2025-03-09 18:34:06 - INFO - ----云书网19845173012----：{'code': '-2', 'gitVersion': {'git.branch': 'origin/online', 'git.commit.id': '9493803b7f97740d60bed02d3a23f781f35c4156'}, 'message': '图片验证码输入有误', 'success': False, 'trace': '244933c0530a2b36'}
2025-03-09 18:34:09 - INFO - ----云书网19845173012----：{'code': '-2', 'gitVersion': {'git.branch': 'origin/online', 'git.commit.id': '9493803b7f97740d60bed02d3a23f781f35c4156'}, 'message': '图片验证码输入有误', 'success': False, 'trace': '80b9fc139efabfa5'}
2025-03-09 18:34:14 - INFO - ----云书网19845173012----：{'code': '0', 'gitVersion': {'git.branch': 'origin/online', 'git.commit.id': '9493803b7f97740d60bed02d3a23f781f35c4156'}, 'message': '短信发送成功', 'trace': '2fe924fa34dfdea8'}
2025-03-09 18:34:24 - INFO - 执行 d12 失败: 'code'
2025-03-09 18:34:37 - INFO - 执行 e12 失败: 
No element found.
Method: ele()
Arguments: {'locator': 'css=#sendChkCode', 'index': 1, 'timeout': 10}
Version: 4.1.0.17
2025-03-09 18:34:43 - INFO - ----拔草19845173012----：{'error': 2, 'msg': '验证码错误', 'referer': '', 'state': 'fail'}
2025-03-09 18:34:47 - INFO - ----拔草19845173012----：{'error': 2, 'msg': '验证码错误', 'referer': '', 'state': 'fail'}
2025-03-09 18:34:51 - INFO - ----拔草19845173012----：{'error': 2, 'msg': '验证码错误', 'referer': '', 'state': 'fail'}
2025-03-09 18:34:55 - INFO - ----拔草19845173012----：{'error': 2, 'msg': '验证码错误', 'referer': '', 'state': 'fail'}
2025-03-09 18:34:58 - INFO - ----拔草19845173012----：{'error': 2, 'msg': '验证码错误', 'referer': '', 'state': 'fail'}
2025-03-09 18:35:02 - INFO - ----拔草19845173012----：{'error': 1, 'msg': '触发号码天级流控Permits:40', 'err_code': 15, 'referer': '', 'state': 'fail'}
2025-03-09 18:35:06 - INFO - ----拔草19845173012----：{'error': 2, 'msg': '验证码错误', 'referer': '', 'state': 'fail'}
2025-03-09 18:35:10 - INFO - ----拔草19845173012----：{'error': 2, 'msg': '验证码错误', 'referer': '', 'state': 'fail'}
2025-03-09 18:35:14 - INFO - ----拔草19845173012----：{'error': 1, 'msg': '触发号码天级流控Permits:40', 'err_code': 15, 'referer': '', 'state': 'fail'}
2025-03-09 18:35:18 - INFO - ----拔草19845173012----：{'error': 2, 'msg': '验证码错误', 'referer': '', 'state': 'fail'}
2025-03-09 18:35:22 - INFO - ----拔草19845173012----：{'error': 1, 'msg': '触发号码天级流控Permits:40', 'err_code': 15, 'referer': '', 'state': 'fail'}
2025-03-09 18:35:22 - INFO - 拔草5次错误
2025-03-09 18:35:39 - INFO - 执行 g12 失败: 
No element found.
Method: ele()
Arguments: {'locator': 'css=body > header > div > div.cloud-header-default > div.cloud-right-wrapper > div.login-wrapper > ul > li.nav-register > a', 'index': 1, 'timeout': 10}
Version: 4.1.0.17
2025-03-09 18:35:54 - INFO - 紫衣注册失败
2025-03-09 18:36:08 - INFO - 紫衣注册失败
2025-03-09 18:36:21 - INFO - 紫衣注册失败
2025-03-09 18:36:34 - INFO - 紫衣注册失败
2025-03-09 18:36:48 - INFO - 紫衣注册失败
2025-03-09 18:37:01 - INFO - 紫衣注册失败
2025-03-09 18:37:01 - INFO - 紫衣5次错误
2025-03-09 18:37:30 - INFO - 执行 i12 失败: 
No element found.
Method: ele()
Arguments: {'locator': 'css=body > div:nth-child(1) > div > div:nth-child(3) > p > span:nth-child(1)', 'index': 1, 'timeout': 10}
Version: 4.1.0.17
2025-03-09 18:37:38 - INFO - ----飞乐19845173012----：{'status': 0, 'data': {'noncestr': 'jrwtb517py', 'phone': '19845173012', 'timestamp': 1741516658, 'signature': '3f4f0da124c2774a00bf6acc9896c08ccfe91304'}}
2025-03-09 18:39:54 - INFO - ----阿里云19845173012----：{'success': True}
2025-03-09 18:40:02 - INFO - ----雪球19845173012----：{'success': True}
2025-03-09 18:40:09 - INFO - ----巨量19845173012---- ：{'description': '', 'error_code': 0, 'mobile_ticket': 'mobile_ticket_WQRSQJGPXRF9Y4XWRSZH2FPQDFGUWBWT'}
2025-03-09 18:40:17 - INFO - ----兔喜19845173012---- ：{'result': {'isRisk': 0}, 'message': '操作成功', 'status': True, 'statusCode': '200'}
2025-03-09 18:40:40 - INFO - 天翼云盘注册失败
2025-03-09 18:40:49 - INFO - ----水滴筹19845173012---- ：{'code': 71211, 'msg': '开启图形校验', 'data': None}
2025-03-09 18:41:01 - INFO - ----豆包19845173012----：{'data': {'log_id': '202503091841003D4373E1BDD820520407', 'mobile': '198******12', 'mobile_ticket': 'mobile_ticket_WDSJ8VAEJ3F4RQD5KH2AB3STMKRZ9KXK', 'retry_time': 60}, 'message': 'success'}
2025-03-09 18:41:11 - INFO - ----webcsdn学院19845173012----：{'code': '0', 'subCode': '1017', 'message': '成功发送验证码', 'status': True}
2025-03-09 18:41:18 - INFO - ----火山引擎19845173012---- ：{'ResponseMetadata': {'RequestId': '202503091841181741878C63C9802708A5'}}
2025-03-09 18:41:26 - INFO - ----巨人网络19845173012---- ：{'success': False, 'msg': '账号已存在，建议直接使用该手机号登录', 'data': {'rcmdAccount': ['1984517301212', '1984517301212']}}
2025-03-09 18:41:32 - INFO - ----孔子学院19845173012----：{'msg': '操作成功', 'code': 200}
2025-03-09 18:41:45 - INFO - ----南方泵业19845173012----：{'Data': None, 'Code': 0, 'Message': 'AC26DD2DA2A296ED6BABAEE523D014E9'}
2025-03-09 18:42:07 - INFO - ----移动云盘19845173012---- ：{'success': True, 'code': '0', 'message': 'OK', 'data': {'result': {'resultCode': '0', 'resultDesc': '请求成功'}, 'mode': '0', 'regFlag': None, 'remainGetTimes': 2, 'verifyCode': None, 'objNumber': None, 'random': '7dXmxAuG'}}
2025-03-09 18:42:15 - INFO - ----易车19845173012----：0s后重新发送
2025-03-09 18:42:22 - INFO - ----233乐园19845173012----：验证码倒计时发送验证码s
2025-03-09 18:42:33 - INFO - ----q医疗19845173012----：{'data': {'code': '400'}, 'count': 0}
2025-03-09 18:42:49 - INFO - 网易云游戏注册失败
2025-03-09 18:43:00 - INFO - ----九游网19845173012----：验证码剩余时间重新获取(58s)
2025-03-09 18:43:08 - INFO - ----右糖19845173012----：{'status': -307, 'message': 'Captcha code exceeds the limit'}
2025-03-09 18:43:14 - INFO - ----大米小米19845173012----：{'status': 200, 'code': 0, 'data': True, 'message': '查询数据成功.'}
2025-03-09 18:43:21 - INFO - ----海康威视19845173012----：{'code': '000000', 'data': {'code': 200, 'message': 'success', 'data': '{code=0, message=null, result=1058664940730064896}'}, 'message': None}
2025-03-09 18:43:27 - INFO - ----网易数字19845173012----：{'success': True, 'msg': '验证码已发送'}
2025-03-09 18:43:34 - INFO - ----跨境19845173012----：{'code': 500, 'msg': '短信发送失败，请稍后再试~', 'data': [], 'meta': {}}
2025-03-09 18:43:49 - INFO - ----acfun19845173012----：{'result': 100001014, 'error_msg': '操作太快, 稍后再试'}
2025-03-09 18:44:00 - INFO - ----包月ai19845173012----：{'code': 100, 'msg': 'success', 'data': {}}
2025-03-09 18:44:07 - INFO - ----氢图19845173012----：{'code': 0, 'message': None, 'result': None}
2025-03-09 18:44:18 - INFO - ----溪流19845173012----：{'code': 500, 'msg': '服务器内部错误，请稍后再试。'}
2025-03-09 18:44:29 - INFO - ----演图网19845173012----：{'code': '000000', 'msg': 'Message sent successfully'}
2025-03-09 18:44:41 - INFO - ----笔灵ai19845173012----：{'code': 1, 'msg': '验证码发送成功'}
2025-03-09 18:44:50 - INFO - ----豆豆游戏19845173012----：{'code': 0, 'error_code': 0, 'error_message': '', 'payload': {}}
2025-03-09 18:44:58 - INFO - ----九马19845173012----：{'code': 200, 'message': '发送成功', 'data': ''}
2025-03-09 18:45:13 - INFO - ----活动汪19845173012----：{'status_code': 9, 'status_message': '发送失败........'}
2025-03-09 18:45:24 - INFO - ----派克配音19845173012----：{'code': 1, 'info': '发送成功', 'data': {}}
2025-03-09 18:45:34 - INFO - ----美即云19845173012----：{'code': 502, 'msg': ''}
2025-03-09 18:45:43 - INFO - ----诗词19845173012----：{'status': 'ok'}
2025-03-09 18:45:53 - INFO - ----超级文档19845173012----：发送验证码
2025-03-09 18:46:02 - INFO - ----考拉19845173012----：{'content': {'data': {'resultCode': 100, 'smsToken': 'idc_101D262DFF0804492910D4AFA10599701', 'processFinished': True}, 'status': 0, 'success': True}, 'hasError': False}
2025-03-09 18:46:19 - INFO - ----交大云19845173012----：198****3012
2025-03-09 18:46:26 - INFO - ----八法云----：{'code': 0, 'message': 'OK', 'data': {'code': 3}}
2025-03-09 18:46:33 - INFO - ----返利网19845173012---- ：jQuery18306502247199348385_1741517189446({"info":"succes","data":"19845173012","status":1})
2025-03-09 18:46:42 - INFO - ----丽芙家居19845173012----：{'Result': True, 'Status': 1, 'Message': '手机验证码已发送至尾号3012手机，请注意查收', 'InnerData': {'retCode': 1, 'rm': 0}, 'CK': []}
2025-03-09 18:46:46 - INFO - ----穷游网19845173012----：{'error_code': 0, 'result': 'ok', 'data': {'mobile': '86-19845173012'}}
2025-03-09 18:46:57 - INFO - cbmp
2025-03-09 18:46:58 - INFO - ----海尔19845173012----：{'result': 'SUCCESS', 'resultCode': '0', 'resultMsg': 'success', 'data': 'SUCCESS'}
2025-03-09 18:46:58 - INFO - success
2025-03-09 18:47:06 - INFO - 111
2025-03-09 18:47:09 - INFO - ----todesk19845173012----：{'statusCode': 200, 'data': {'challengeToken': 'eyJhbGciOiJIUzI1NiIsInR5cCI6IkpXVCJ9.eyJwaG9uZSI6IjE5ODQ1MTczMDEyIiwidXNhZ2UiOjEsIm5vdW5jZSI6IjEiLCJpYXQiOjE3NDE1MTcyMjksImV4cCI6MTc0MTUxNzUyOX0.33fHfMIj1uQ9BJopj3fu3ekDKowgz7CRxyZsFOL6QGQ'}}
2025-03-09 18:47:18 - INFO - ----zol19845173012----：{'info': 'error', 'msg': '图形验证码错误'}
2025-03-09 18:47:20 - INFO - ----zol19845173012----：{'info': 'error', 'msg': '图形验证码错误'}
2025-03-09 18:47:23 - INFO - ----zol19845173012----：{'info': 'error', 'msg': '图形验证码错误'}
2025-03-09 18:47:26 - INFO - ----zol19845173012----：{'info': 'error', 'msg': '图形验证码错误'}
2025-03-09 18:47:29 - INFO - ----zol19845173012----：{'info': 'error', 'msg': '图形验证码错误'}
2025-03-09 18:47:32 - INFO - ----zol19845173012----：{'info': 'error', 'msg': '图形验证码错误'}
2025-03-09 18:47:32 - INFO - zol5次错误
2025-03-09 18:47:44 - INFO - ----索尼中国19845173012----：{'resultData': {'registerToken': 'Dq7UeYXgIEZraSg7lUwB0MWYEt1NLWEKJ35+ilyNYiM='}, 'resultMsg': [{'code': '00', 'message': '成功'}]}
2025-03-09 18:47:51 - INFO - ----爱乐奇19845173012----：suss
2025-03-09 18:47:57 - INFO - ----花生同19845173012----：{'success': True, 'code': '00000', 'lang': None, 'error': None, 'errorHK': None, 'data': None}
2025-03-09 18:48:13 - INFO - ----包图19845173012----：{'status': 1, 'msg': '亲，验证码发送成功'}
2025-03-09 18:48:22 - INFO - ----莫言ai19845173012----：{'code': 200, 'msg': '成功', 'data': []}
2025-03-09 18:48:35 - INFO - ----慕客19845173012----：{'code': 0, 'message': '成功', 'payload': {'captchaVerifyResult': False}}
2025-03-09 18:48:47 - INFO - ----广告狂人19845173012----：{'msg': '操作成功', 'code': '10000'}
2025-03-09 18:49:00 - INFO - ----spai19845173012----：{'error': 2005, 'msg': '操作失败,请稍后重试', 'data': None, 'total': 0}
2025-03-09 18:49:08 - INFO - ----云群19845173012----：{'status': 200, 'msg': 'CODE_SEND_SUCCESS'}
2025-03-09 18:49:16 - INFO - ----云码19845173012----：<pre>string(43) "{"msg":"发送成功","code":200,"data":[]}"
</pre>
2025-03-09 18:49:37 - INFO - ----嘉立创19845173012----：{'success': True, 'code': 200}
2025-03-09 18:49:52 - INFO - ----电子发烧友19845173012----：{'status': 'successed', 'error_code': 0, 'data': {'account': '19845173012'}}
2025-03-09 18:50:05 - INFO - 执行 i10 失败: 
This element has no location or size.
Version: 4.1.0.17
2025-03-09 18:50:17 - INFO - ----站库19845173012----：
2025-03-09 18:50:28 - INFO - ----医疗器械19845173012----：{'code': '1', 'data': None, 'msg': '验证码已发送！'}
2025-03-09 18:50:37 - INFO - ----永洪19845173012----：{'code': 200, 'data': 'smssuccess'}
2025-03-09 18:50:42 - INFO - ----深信服19845173012----：{'code': 0, 'msg': 'success', 'rows': 'success'}
2025-03-09 18:50:53 - INFO - ----磨刀19845173012----：{'success': '验证码发送成功'}
2025-03-09 18:51:01 - INFO - ----逗逗游戏伙伴19845173012----：{'code': 0, 'error_code': 0, 'error_message': '', 'payload': {}}
2025-03-09 18:51:10 - INFO - ----云书网19845173012----：{'code': '-2', 'gitVersion': {'git.branch': 'origin/online', 'git.commit.id': '9493803b7f97740d60bed02d3a23f781f35c4156'}, 'message': '图片验证码输入有误', 'success': False, 'trace': '69ff3e3e784d12f0'}
2025-03-09 18:51:15 - INFO - ----云书网19845173012----：{'code': '0', 'gitVersion': {'git.branch': 'origin/online', 'git.commit.id': '9493803b7f97740d60bed02d3a23f781f35c4156'}, 'message': '短信发送成功', 'trace': 'f2aa575a95e889a4'}
2025-03-09 18:51:16 - INFO - Deleted: .\6256e4c70.png
2025-03-09 18:51:16 - INFO - Deleted: .\bd_background.png
2025-03-09 18:51:16 - INFO - Deleted: .\cp.png
2025-03-09 18:51:16 - INFO - Deleted: .\guhai_background.png
2025-03-09 18:51:16 - INFO - Deleted: .\hzzx.png
2025-03-09 18:51:16 - INFO - Deleted: .\ngbj.png
2025-03-09 18:51:16 - INFO - Deleted: .\tt.png
2025-03-09 18:51:16 - INFO - Deleted: .\xl.png
2025-03-09 18:51:16 - INFO - All PNG images deleted.
