test
test






test
2025-03-08 17:15:19 - INFO - ----阿里云13007665968----：{'success': True}
2025-03-08 17:15:39 - INFO - ----百度13007665968----：bd__cbs__nz1dpp({"errno":0,"msg":"\u53d1\u9001\u6210\u529f","vcodestr":null,"vcodesign":null,"isslide":null})
2025-03-08 17:15:45 - INFO - ----凤凰网13007665968----：{'code': 'CaptchaRequired', 'msg': 'code: CaptchaRequired, msg: 需要验证码', 'tips': '需要验证码'}
2025-03-08 17:16:07 - INFO - ----联通云盘13007665968----：{'STATUS': '200', 'MSG': '服务调用成功！', 'LOGID': None, 'RSP': {'RSP_CODE': '0000', 'RSP_DESC': '成功', 'DATA': None}}
2025-03-08 17:16:22 - INFO - ----天翼云盘13007665968----：{'result': 0, 'msg': 'success'}
2025-03-08 17:16:33 - INFO - ----雪球13007665968----：{'success': True}
2025-03-08 17:16:40 - INFO - ----巨量13007665968---- ：{'description': '', 'error_code': 0, 'mobile_ticket': 'mobile_ticket_UBB69WQHHQH84EEGH2PC2G3FZU3J4UYR'}
2025-03-08 17:16:48 - INFO - ----兔喜13007665968---- ：{'result': {'isRisk': 0}, 'message': '操作成功', 'status': True, 'statusCode': '200'}
2025-03-08 17:16:58 - INFO - ----水滴筹13007665968---- ：{'code': 0, 'msg': None, 'data': None}
2025-03-08 17:17:15 - INFO - ----小红书13007665968----：{'code': 0, 'success': True, 'msg': '成功', 'data': {}}
2025-03-08 17:17:27 - INFO - ----豆包13007665968----：{'data': {'log_id': '202503081717272E8D2B77317085585943', 'mobile': '130******68', 'mobile_ticket': 'mobile_ticket_8RERBAXNWAMRMV2T2VKG7RWHKNRYKG6Y', 'retry_time': 60}, 'message': 'success'}
2025-03-08 17:17:33 - INFO - ----KYE13007665968---- ：{'code': 0, 'msg': '成功', 'data': {'msg': '验证码已发送至您的手机，请注意查收'}, 'traceId': None, 'success': True}
2025-03-08 17:17:43 - INFO - ----易车13007665968----：59s后重新发送
2025-03-08 17:17:59 - INFO - ----移动云盘13007665968---- ：{'success': True, 'code': '0', 'message': 'OK', 'data': {'result': {'resultCode': '0', 'resultDesc': '请求成功'}, 'mode': '0', 'regFlag': None, 'remainGetTimes': 7, 'verifyCode': None, 'objNumber': None, 'random': 'kGpB6fbt'}}
2025-03-08 17:18:11 - INFO - ----南方泵业13007665968----：{'Data': None, 'Code': 0, 'Message': 'B66AE280EFC62189E92569CB2CE96298'}
2025-03-08 17:18:19 - INFO - ----秘塔13007665968----：{'code': 2701, 'msg': '手机号不存在,请先注册!'}
2025-03-08 17:18:26 - INFO - ----孔子学院13007665968----：{'msg': '操作成功', 'code': 200}
2025-03-08 17:18:33 - INFO - ----巨人网络13007665968---- ：{'success': True, 'msg': '', 'data': []}
2025-03-08 17:18:43 - INFO - ----火山引擎13007665968---- ：{'ResponseMetadata': {'RequestId': '20250308171842D20A04487DAA169C643D'}}
2025-03-08 17:18:52 - INFO - ----webcsdn学院13007665968----：{'code': '1001', 'message': '验证码已发送，请耐心等待', 'status': False}
2025-03-08 17:18:59 - INFO - ----233乐园13007665968----：验证码倒计时59s
2025-03-08 17:19:09 - INFO - ----q医疗13007665968----：{'data': {'code': '400'}, 'count': 0}
2025-03-08 17:19:19 - INFO - ----指南者13007665968----：{'code': 1, 'next': '06fcac4a3e6004f4ce9a99c9dcc927fe'}
2025-03-08 17:19:32 - INFO - ----闪德13007665968----：{'code': 1, 'msg': '发送成功', 'data': 3, 'url': '', 'wait': 3}
2025-03-08 17:19:38 - INFO - ----顺丰同城13007665968----：{'errno': 0, 'errmsg': '', 'errmsg_lang': [], 'data': {'count': 60}, 'lid': '755864166582572422'}
2025-03-08 17:19:47 - INFO - ----指南者13007665968----：{'code': 0, 'msg': '发送验证码过于频繁，请稍后重试！'}
2025-03-08 17:20:05 - INFO - ----云8813007665968----：{'code': 1, 'msg': 'OK'}
2025-03-08 17:20:24 - INFO - 执行 wjs 失败: 
No element found.
Method: ele()
Arguments: {'locator': 'css=#dsbLogin1 > div:nth-child(4) > div', 'index': 1, 'timeout': 10}
Version: 4.1.0.17
2025-03-08 17:20:31 - INFO - ----异次元13007665968----：{'state': {'message': '风险', 'code': 505001}}
2025-03-08 17:20:39 - INFO - ----网易云游戏13007665968----：{}
2025-03-08 17:20:49 - INFO - ----aippt13007665968----：{'code': 10856, 'data': None, 'msg': '今日获取验证码已达最大次数，请于明日重试'}
2025-03-08 17:21:23 - INFO - 执行 b4 失败: 
No element found.
Method: ele()
Arguments: {'locator': 'css=#radix-\\:Rb9dsplta\\: > div > div.p-6.pt-0.pl-\\[44px\\].pr-\\[44px\\] > div > div > div.flex.justify-center.items-center.gap-4.mt-\\[23px\\] > button:nth-child(1)', 'index': 1, 'timeout': 10}
Version: 4.1.0.17
2025-03-08 17:21:43 - INFO - ----万兴13007665968----：{'code': 0, 'msg': '', 'data': ''}
2025-03-08 17:21:54 - INFO - ----九游网13007665968----：验证码剩余时间重新获取(58s)
2025-03-08 17:22:03 - INFO - ----右糖13007665968----：{'status': 200, 'message': 'success'}
2025-03-08 17:22:09 - INFO - ----大米小米13007665968----：{'status': 200, 'code': 0, 'data': True, 'message': '查询数据成功.'}
2025-03-08 17:22:26 - INFO - 手机新浪注册失败
2025-03-08 17:22:34 - INFO - ----海康威视13007665968----：{'code': '000000', 'data': {'code': 200, 'message': 'success', 'data': '{code=0, message=null, result=1058282222145900544}'}, 'message': None}
2025-03-08 17:22:40 - INFO - ----网易数字13007665968----：{'success': True, 'msg': '验证码已发送'}
2025-03-08 17:22:51 - INFO - ----跨境13007665968----：{'code': 500, 'msg': '短信发送失败，请稍后再试~', 'data': [], 'meta': {}}
2025-03-08 17:23:00 - INFO - ----acfun13007665968----：{'result': 0}
2025-03-08 17:23:07 - INFO - ----mathtool13007665968----：{'code': 1013, 'data': [], 'message': ' 短信发送失败,请尝试其它登录方式'}
2025-03-08 17:23:16 - INFO - ----包月ai13007665968----：{'code': 100, 'msg': 'success', 'data': {}}
2025-03-08 17:23:23 - INFO - ----库迪13007665968----：{'code': 200, 'message': 'success', 'busCode': '10408', 'busMessage': '请输入图形验证码', 'data': None, 'traceId': None}
2025-03-08 17:23:29 - INFO - ----氢图13007665968----：{'code': 0, 'message': None, 'result': None}
2025-03-08 17:23:40 - INFO - ----溪流13007665968----：{'code': 500, 'msg': '服务器内部错误，请稍后再试。'}
2025-03-08 17:23:51 - INFO - ----演图网13007665968----：{'code': '000000', 'msg': 'Message sent successfully'}
2025-03-08 17:24:02 - INFO - ----笔灵ai13007665968----：{'code': 1, 'msg': '验证码发送成功'}
2025-03-08 17:24:11 - INFO - ----豆豆游戏13007665968----：{'code': 0, 'error_code': 0, 'error_message': '', 'payload': {}}
2025-03-08 17:24:27 - INFO - 执行 j5 失败: 
No element found.
Method: ele()
Arguments: {'locator': 'css=body > div > div > div.page_container__6NQmV > div.page_content__nnCnZ > div.page_footer__vzQCA > div.page_login_ctn__jr2WF > div.Button_btn__bJHsP.Button_enable__jckq2.page_login_btn__PsNmh', 'index': 1, 'timeout': 10}
Version: 4.1.0.17
2025-03-08 17:24:34 - INFO - ----九马13007665968----：{'code': 200, 'message': '发送成功', 'data': ''}
2025-03-08 17:24:47 - INFO - ----柏测13007665968----：{'d': '触发号码天级流控Permits:40'}
2025-03-08 17:25:20 - INFO - 欢拓云注册失败
2025-03-08 17:25:42 - INFO - ----活动汪13007665968----：{'status_code': 1, 'status_message': '验证码发送成功'}
2025-03-08 17:25:54 - INFO - ----派克配音13007665968----：{'code': 1, 'info': '发送成功', 'data': {}}
2025-03-08 17:26:09 - INFO - ----灵感严选13007665968----：{'code': -1, 'msg': '发送短信失败', 'data': None, 'exception': None, 'error': None, 'stackTrace': None, 'path': None, 'errCode': -1}
2025-03-08 17:26:16 - INFO - ----笔熊13007665968----：{'code': 0, 'msg': 'isv.BUSINESS_LIMIT_CONTROL', 'time': '1741425976', 'data': None}
2025-03-08 17:26:27 - INFO - ----美即云13007665968----：{'code': 502, 'msg': ''}
2025-03-08 17:26:42 - INFO - ----诗词13007665968----：{'status': 'ok'}
2025-03-08 17:26:52 - INFO - ----超级文档13007665968----：59 秒后可重试
2025-03-08 17:27:05 - INFO - ----翼虎13007665968----：{'error': 0, 'msg': '写入成功', 'data': 1}
2025-03-08 17:27:14 - INFO - ----考拉13007665968----：{'content': {'data': {'resultCode': 100, 'smsToken': 'idc_12B7F428260F64F4CAD0D8A35F87DBECF', 'processFinished': True}, 'status': 0, 'success': True}, 'hasError': False}
2025-03-08 17:27:24 - INFO - ----黑猫会13007665968----：{'code': 1, 'msg': 'fail'}
2025-03-08 17:27:31 - INFO - ----3C云13007665968----：{'status': 400, 'msg': 'CODE_SEND_FAIL'}
2025-03-08 17:27:48 - INFO - ----交大云13007665968----：130****5968
2025-03-08 17:27:56 - INFO - ----八法云----：{'code': 0, 'message': 'OK', 'data': {'code': 3}}
2025-03-08 17:28:12 - INFO - ----有言13007665968----：{'error_code': 1, 'error_reason': '触发号码天级流控Permits:40'}
2025-03-08 17:28:28 - INFO - ----环球医疗13007665968----：jsonp1741426096617({"code":"210","msg":"发送失败，请过一会再发送"})
2025-03-08 17:28:51 - INFO - ----最有料13007665968----：{'code': 200, 'status': False, 'message': '触发号码天级流控Permits:40', 'url': None, 'other': None}
2025-03-08 17:29:02 - INFO - ----乒协13007665968----：{'code': 10003, 'message': 'error-code.10003:触发号码天级流控Permits:40', 'tips': 'error-code.10003:触发号码天级流控Permits:40', 'result': None, 'traceId': '8230a7ff-5cc6-46ca-91ec-53fe19ec3b7c', 'success': False}
2025-03-08 17:29:12 - INFO - h2m7
2025-03-08 17:29:13 - INFO - ----人人文库----：{'code': 5001, 'data': [], 'message': '发送失败'}
2025-03-08 17:29:19 - INFO - e6ua
2025-03-08 17:29:19 - INFO - ----人人文库----：{'code': 203, 'data': [], 'message': '图形验证码错误！'}
2025-03-08 17:29:25 - INFO - npkh
2025-03-08 17:29:25 - INFO - ----人人文库----：{'code': 203, 'data': [], 'message': '图形验证码错误！'}
2025-03-08 17:29:31 - INFO - cxte
2025-03-08 17:29:32 - INFO - ----人人文库----：{'code': 203, 'data': [], 'message': '图形验证码错误！'}
2025-03-08 17:29:37 - INFO - teqd
2025-03-08 17:29:38 - INFO - ----人人文库----：{'code': 203, 'data': [], 'message': '图形验证码错误！'}
2025-03-08 17:29:43 - INFO - xbtn
2025-03-08 17:29:44 - INFO - ----人人文库----：{'code': 203, 'data': [], 'message': '图形验证码错误！'}
2025-03-08 17:29:44 - INFO - 验证码识别错误次数过多
2025-03-08 17:30:04 - INFO - 执行 b8 失败: 
No element found.
Method: ele()
Arguments: {'locator': 'css=#username', 'index': 1, 'timeout': 10}
Version: 4.1.0.17
2025-03-08 17:30:08 - INFO - ----返利网13007665968---- ：jQuery18306147354894030739_1741426206662({"info":"succes","data":"13007665968","status":1})
2025-03-08 17:30:18 - INFO - ----丽芙家居13007665968----：{'Result': True, 'Status': 1, 'Message': '手机验证码已发送至尾号5968手机，请注意查收', 'InnerData': {'retCode': 1, 'rm': 0}, 'CK': []}
2025-03-08 17:30:22 - INFO - ----穷游网13007665968----：{'error_code': 0, 'result': 'ok', 'data': {'mobile': '86-13007665968'}}
2025-03-08 17:30:34 - INFO - muwx
2025-03-08 17:30:34 - INFO - ----海尔13007665968----：{'result': 'SUCCESS', 'resultCode': '0', 'resultMsg': 'success', 'data': 'SUCCESS'}
2025-03-08 17:30:34 - INFO - success
2025-03-08 17:30:49 - INFO - ----百卓13007665968----：{'retCode': '0'}
2025-03-08 17:31:12 - INFO - 股海注册失败
2025-03-08 17:31:19 - INFO - 103
2025-03-08 17:31:22 - INFO - ----todesk13007665968----：{'statusCode': 200, 'data': {'challengeToken': 'eyJhbGciOiJIUzI1NiIsInR5cCI6IkpXVCJ9.eyJwaG9uZSI6IjEzMDA3NjY1OTY4IiwidXNhZ2UiOjEsIm5vdW5jZSI6IjEiLCJpYXQiOjE3NDE0MjYyODEsImV4cCI6MTc0MTQyNjU4MX0.ivbRysI28PVF0QHlzgWa2yfrYhzI81l7qVsWwZDBtKU'}}
2025-03-08 17:31:31 - INFO - ----zol13007665968----：{'info': 'ok', 'msg': '动态密码发送成功'}
2025-03-08 17:31:43 - INFO - ----第一会展13007665968----：{"states":"err","message":"{"Message":"触发号码天级流控Permits:40","RequestId":"32E77DE5-0F60-5BE8-AC44-41A355ACE388","Code":"isv.BUSINESS_LIMIT_CONTROL"}"}
2025-03-08 17:31:44 - INFO - 执行 a9 失败: string indices must be integers, not 'str'
2025-03-08 17:31:57 - INFO - ----索尼中国13007665968----：{'resultData': {'registerToken': 'hdi6UBP7tQ2CnR5ar96S4sZgsGCjGYyi73qmaDHSuZ0='}, 'resultMsg': [{'code': '00', 'message': '成功'}]}
2025-03-08 17:32:04 - INFO - ----爱乐奇13007665968----：suss
2025-03-08 17:32:20 - INFO - 花生同注册失败
2025-03-08 17:32:22 - INFO - ----花生同13007665968----：{'success': False, 'code': '10201', 'lang': None, 'error': '图片验证码不正确或已过期', 'errorHK': '圖片驗證碼不正確或已過期', 'data': None}
2025-03-08 17:32:25 - INFO - ----花生同13007665968----：{'success': True, 'code': '00000', 'lang': None, 'error': None, 'errorHK': None, 'data': None}
2025-03-08 17:32:41 - INFO - ----包图13007665968----：{'status': 1, 'msg': '亲，验证码发送成功'}
2025-03-08 17:32:50 - INFO - ----莫言ai13007665968----：{'code': 200, 'msg': '成功', 'data': []}
2025-03-08 17:33:04 - INFO - ----慕客13007665968----：{'code': 0, 'message': '成功', 'payload': {'captchaVerifyResult': False}}
2025-03-08 17:33:16 - INFO - ----广告狂人13007665968----：{'msg': '操作成功', 'code': '10000'}
2025-03-08 17:33:31 - INFO - ----feemoo13007665968----：{'status': '90001', 'msg': '', 'time': 1741426405, 'data': {'url': 'https://fmph5.jingfile.com/h5_hk', 'width': '290', 'height': '256', 'code': '', 'e': {'code': 200, 'errorCode': 90001, 'msg': '', 'params': {'url': 'https://fmph5.jingfile.com/h5_hk', 'width': '290', 'height': '256', 'code': ''}}}}
2025-03-08 17:33:45 - INFO - ----spai13007665968----：{'error': 2005, 'msg': '操作失败,请稍后重试', 'data': None, 'total': 0}
2025-03-08 17:33:57 - INFO - 执行 a10 失败: 
No element found.
Method: ele()
Arguments: {'locator': 'css=#txtMobile', 'index': 1, 'timeout': 10}
Version: 4.1.0.17
2025-03-08 17:34:06 - INFO - 888
2025-03-08 17:34:07 - INFO - ----云群13007665968----：{'status': 200, 'msg': 'CODE_SEND_SUCCESS'}
2025-03-08 17:34:14 - INFO - zfd4
2025-03-08 17:34:14 - INFO - ----云码13007665968----：<pre>string(43) "{"msg":"发送成功","code":200,"data":[]}"
</pre>
2025-03-08 17:34:31 - INFO - 创配注册失败
2025-03-08 17:34:44 - INFO - 创配注册失败
2025-03-08 17:34:56 - INFO - 创配注册失败
2025-03-08 17:35:08 - INFO - 创配注册失败
2025-03-08 17:35:21 - INFO - 创配注册失败
2025-03-08 17:35:33 - INFO - 创配注册失败
2025-03-08 17:35:33 - INFO - 创配5次错误
2025-03-08 17:35:43 - INFO - 获取验证码
2025-03-08 17:36:08 - INFO - 及时设计注册失败
2025-03-08 17:36:29 - INFO - ----嘉立创13007665968----：{'success': True, 'code': 200}
2025-03-08 17:36:44 - INFO - ----电子发烧友13007665968----：{'status': 'successed', 'error_code': 0, 'data': {'account': '13007665968'}}
2025-03-08 17:36:52 - INFO - 2586
2025-03-08 17:36:53 - INFO - ----鸟哥笔记----：{'return_code': '200', 'return_msg': '已发送', 'return_data': []}
2025-03-08 17:37:16 - INFO - 执行 i10 失败: 
This element has no location or size.
Version: 4.1.0.17
2025-03-08 17:37:28 - INFO - ----站库13007665968----：{'result': True}
2025-03-08 17:37:33 - INFO - ----万兴科技13007665968----：{'code': 0, 'msg': '', 'data': ''}
2025-03-08 17:37:52 - INFO - ----亿图13007665968----：{'status': 'success', 'msg': '', 'data': {}}
2025-03-08 17:38:03 - INFO - ----医疗器械13007665968----：{'code': '1', 'data': None, 'msg': '验证码已发送！'}
2025-03-08 17:38:19 - INFO - ----大学生在线13007665968----：{'code': 200, 'message': '发送成功'}
2025-03-08 17:38:28 - INFO - ----永洪13007665968----：{'code': 200, 'data': 'smssuccess'}
2025-03-08 17:38:34 - INFO - ----深信服13007665968----：{'code': 0, 'msg': 'success', 'rows': 'success'}
2025-03-08 17:38:46 - INFO - ----磨刀13007665968----：{'success': '验证码发送成功'}
2025-03-08 17:38:53 - INFO - ----逗逗游戏伙伴13007665968----：{'code': 0, 'error_code': 0, 'error_message': '', 'payload': {}}
2025-03-08 17:39:08 - INFO - 执行 i11 失败: 
No element found.
Method: ele()
Arguments: {'locator': 'css=body > div:nth-child(1) > div:nth-child(1) > div:nth-child(3) > div > span > div > div:nth-child(2) > span', 'index': 1, 'timeout': 10}
Version: 4.1.0.17
2025-03-08 17:39:20 - INFO - ----韩红13007665968----：{'code': 0, 'msg': 'success', 'data': 60}
2025-03-08 17:39:48 - INFO - ccf注册失败
2025-03-08 17:40:00 - INFO - ----钻石网13007665968----：{'code': 200, 'msg': '验证成功'}
2025-03-08 17:40:10 - INFO - ----云书网13007665968----：{'code': '-2', 'gitVersion': {'git.branch': 'origin/online', 'git.commit.id': '9493803b7f97740d60bed02d3a23f781f35c4156'}, 'message': '图片验证码输入有误', 'success': False, 'trace': '816ce25389466376'}
2025-03-08 17:40:14 - INFO - ----云书网13007665968----：{'code': '-2', 'gitVersion': {'git.branch': 'origin/online', 'git.commit.id': '9493803b7f97740d60bed02d3a23f781f35c4156'}, 'message': '图片验证码输入有误', 'success': False, 'trace': 'f1683c813d801ff1'}
2025-03-08 17:40:18 - INFO - ----云书网13007665968----：{'code': '-2', 'gitVersion': {'git.branch': 'origin/online', 'git.commit.id': '9493803b7f97740d60bed02d3a23f781f35c4156'}, 'message': '图片验证码输入有误', 'success': False, 'trace': '3b1b3d74b20cbc25'}
2025-03-08 17:40:21 - INFO - ----云书网13007665968----：{'code': '-2', 'gitVersion': {'git.branch': 'origin/online', 'git.commit.id': '9493803b7f97740d60bed02d3a23f781f35c4156'}, 'message': '图片验证码输入有误', 'success': False, 'trace': 'ff5c098fdc99bd0e'}
2025-03-08 17:40:26 - INFO - ----云书网13007665968----：{'code': '0', 'gitVersion': {'git.branch': 'origin/online', 'git.commit.id': '9493803b7f97740d60bed02d3a23f781f35c4156'}, 'message': '短信发送成功', 'trace': '17c8bced89485fc5'}
2025-03-08 17:40:33 - INFO - ----天天13007665968----：{'msg': '触发号码天级流控Permits:40', 'error': 1}
2025-03-08 17:40:33 - INFO - 执行 d12 失败: 'code'
2025-03-08 17:40:38 - INFO - ----心理13007665968----：59s
2025-03-08 17:40:46 - INFO - ----拔草13007665968----：{'error': 2, 'msg': '验证码错误', 'referer': '', 'state': 'fail'}
2025-03-08 17:40:50 - INFO - ----拔草13007665968----：{'error': 2, 'msg': '验证码错误', 'referer': '', 'state': 'fail'}
2025-03-08 17:40:54 - INFO - ----拔草13007665968----：{'error': 2, 'msg': '验证码错误', 'referer': '', 'state': 'fail'}
2025-03-08 17:40:58 - INFO - ----拔草13007665968----：{'error': 2, 'msg': '验证码错误', 'referer': '', 'state': 'fail'}
2025-03-08 17:41:01 - INFO - ----拔草13007665968----：{'error': 2, 'msg': '验证码错误', 'referer': '', 'state': 'fail'}
2025-03-08 17:41:05 - INFO - ----拔草13007665968----：{'error': 2, 'msg': '验证码错误', 'referer': '', 'state': 'fail'}
2025-03-08 17:41:09 - INFO - ----拔草13007665968----：{'error': 1, 'msg': '触发号码天级流控Permits:40', 'err_code': 15, 'referer': '', 'state': 'fail'}
2025-03-08 17:41:13 - INFO - ----拔草13007665968----：{'error': 2, 'msg': '验证码错误', 'referer': '', 'state': 'fail'}
2025-03-08 17:41:17 - INFO - ----拔草13007665968----：{'error': 1, 'msg': '触发号码天级流控Permits:40', 'err_code': 15, 'referer': '', 'state': 'fail'}
2025-03-08 17:41:21 - INFO - ----拔草13007665968----：{'error': 2, 'msg': '验证码错误', 'referer': '', 'state': 'fail'}
2025-03-08 17:41:25 - INFO - ----拔草13007665968----：{'error': 2, 'msg': '验证码错误', 'referer': '', 'state': 'fail'}
2025-03-08 17:41:25 - INFO - 拔草5次错误
2025-03-08 17:41:42 - INFO - 执行 g12 失败: 
No element found.
Method: ele()
Arguments: {'locator': 'css=body > header > div > div.cloud-header-default > div.cloud-right-wrapper > div.login-wrapper > ul > li.nav-register > a', 'index': 1, 'timeout': 10}
Version: 4.1.0.17
2025-03-08 17:41:48 - INFO - ----紫衣13007665968----：{'res': True, 'code': 1, 'msg': '图形验证码不正确', 'err': 1, 'timestamp': 1741426908}
2025-03-08 17:41:52 - INFO - ----紫衣13007665968----：{'res': True, 'code': 1, 'msg': '今日验证码已达上限，请明日再试!', 'err': 1, 'timestamp': 1741426912}
2025-03-08 17:41:56 - INFO - ----紫衣13007665968----：{'res': True, 'code': 1, 'msg': '图形验证码不正确', 'err': 1, 'timestamp': 1741426916}
2025-03-08 17:41:59 - INFO - ----紫衣13007665968----：{'res': True, 'code': 1, 'msg': '图形验证码不正确', 'err': 1, 'timestamp': 1741426919}
2025-03-08 17:42:03 - INFO - ----紫衣13007665968----：{'res': True, 'code': 1, 'msg': '图形验证码不正确', 'err': 1, 'timestamp': 1741426923}
2025-03-08 17:42:07 - INFO - ----紫衣13007665968----：{'res': True, 'code': 1, 'msg': '图形验证码不正确', 'err': 1, 'timestamp': 1741426926}
2025-03-08 17:42:07 - INFO - 紫衣5次错误
2025-03-08 17:42:37 - INFO - 执行 i12 失败: 
No element found.
Method: ele()
Arguments: {'locator': 'css=body > div:nth-child(1) > div > div:nth-child(3) > p > span:nth-child(1)', 'index': 1, 'timeout': 10}
Version: 4.1.0.17
2025-03-08 17:42:47 - INFO - ----飞乐13007665968----：{'status': -1, 'msg': 'CODE_RES_ERROR'}
2025-03-08 17:42:51 - INFO - ----飞乐13007665968----：{'status': 0, 'data': {'noncestr': 'jiwryxg9fv', 'phone': '13007665968', 'timestamp': 1741426971, 'signature': 'de1deaeb0956bf519ea7cb88f36ecd2b2ea78029'}}
2025-03-08 17:42:52 - INFO - Deleted: .\bd_background.png
2025-03-08 17:42:52 - INFO - Deleted: .\hzzx.png
2025-03-08 17:42:52 - INFO - Deleted: .\ngbj.png
2025-03-08 17:42:52 - INFO - Deleted: .\tt.png
2025-03-08 17:42:52 - INFO - All PNG images deleted.
