2025-03-08 09:08:12 - INFO - ----阿里云15190365050----：{'success': True}
2025-03-08 09:08:31 - INFO - ----百度15190365050----：bd__cbs__ehq6ss({"errno":18,"msg":"\u8bf7\u586b\u5199\u9a8c\u8bc1\u7801","vcodestr":"tcP943b00ae2a88ed08021618af85018978e11d5a8151017d22","vcodesign":"ce2dacce2c","isslide":null})
2025-03-08 09:08:38 - INFO - ----凤凰网15190365050----：{'code': 'CaptchaRequired', 'msg': 'code: CaptchaRequired, msg: 需要验证码', 'tips': '需要验证码'}
2025-03-08 09:09:02 - INFO - ----联通云盘15190365050----：{'STATUS': '200', 'MSG': '服务调用成功！', 'LOGID': None, 'RSP': {'RSP_CODE': '0000', 'RSP_DESC': '成功', 'DATA': None}}
2025-03-08 09:09:18 - INFO - ----天翼云盘15190365050----：{'result': 0, 'msg': 'success'}
2025-03-08 09:09:28 - INFO - ----雪球15190365050----：{'success': True}
2025-03-08 09:09:36 - INFO - ----巨量15190365050---- ：{'description': '', 'error_code': 0, 'mobile_ticket': 'mobile_ticket_ZPWQT6WGGFA8G6Q8AEYMUMDFZUR8XRHE'}
2025-03-08 09:09:45 - INFO - ----兔喜15190365050---- ：{'result': {'isRisk': 0}, 'message': '操作成功', 'statusCode': '200', 'status': True}
2025-03-08 09:09:56 - INFO - ----水滴筹15190365050---- ：{'code': 0, 'msg': None, 'data': None}
2025-03-08 09:10:14 - INFO - ----小红书15190365050----：{'code': 0, 'success': True, 'msg': '成功', 'data': {}}
2025-03-08 09:10:27 - INFO - ----豆包15190365050----：{'data': {'log_id': '202503080910275E7CFC5C617EAE384D9A', 'mobile': '151******50', 'mobile_ticket': 'mobile_ticket_4AZP64QTGY8NSW5QADGZGNY2MACGQRNM', 'retry_time': 60}, 'message': 'success'}
2025-03-08 09:10:34 - INFO - ----KYE15190365050---- ：{'code': 0, 'msg': '成功', 'data': {'msg': '验证码已发送至您的手机，请注意查收'}, 'traceId': None, 'success': True}
2025-03-08 09:10:44 - INFO - ----易车15190365050----：59s后重新发送
2025-03-08 09:10:59 - INFO - ----移动云盘15190365050---- ：{'success': True, 'code': '0', 'message': 'OK', 'data': {'result': {'resultCode': '0', 'resultDesc': '请求成功'}, 'mode': '0', 'regFlag': None, 'remainGetTimes': 7, 'verifyCode': None, 'objNumber': None, 'random': 'FoKkOGRe'}}
2025-03-08 09:11:13 - INFO - ----南方泵业15190365050----：{'Data': None, 'Code': 0, 'Message': '897C782C28287483F104568C49CD6C2A'}
2025-03-08 09:11:22 - INFO - ----秘塔15190365050----：{'code': 2701, 'msg': '手机号不存在,请先注册!'}
2025-03-08 09:11:31 - INFO - ----孔子学院15190365050----：{'msg': '操作成功', 'code': 200}
2025-03-08 09:11:40 - INFO - ----巨人网络15190365050---- ：{'success': True, 'msg': '', 'data': []}
2025-03-08 09:11:50 - INFO - ----火山引擎15190365050---- ：{'ResponseMetadata': {'RequestId': '20250308091150D59B4512008535667211'}}
2025-03-08 09:12:22 - INFO - ----webcsdn学院15190365050----：{'code': '1001', 'message': '验证码已发送，请耐心等待', 'status': False}
2025-03-08 09:12:31 - INFO - ----233乐园15190365050----：验证码倒计时59s
2025-03-08 09:12:45 - INFO - ----q医疗15190365050----：{'data': {'code': '400'}, 'count': 0}
2025-03-08 09:12:56 - INFO - ----指南者15190365050----：{'code': 0, 'msg': '发送验证码失败！'}
2025-03-08 09:13:09 - INFO - ----闪德15190365050----：{'code': 1, 'msg': '发送成功', 'data': 3, 'url': '', 'wait': 3}
2025-03-08 09:13:16 - INFO - ----顺丰同城15190365050----：{'errno': 0, 'errmsg': '', 'errmsg_lang': [], 'data': {'count': 60}, 'lid': '726681702472595400'}
2025-03-08 09:13:27 - INFO - ----指南者15190365050----：{'code': 0, 'msg': '发送验证码失败！'}
2025-03-08 09:13:46 - INFO - ----云8815190365050----：{'code': 1, 'msg': 'OK'}
2025-03-08 09:14:07 - INFO - 执行 wjs 失败: 
No element found.
Method: ele()
Arguments: {'locator': 'css=#dsbLogin1 > div:nth-child(4) > div', 'index': 1, 'timeout': 10}
Version: 4.1.0.17
2025-03-08 09:14:14 - INFO - ----异次元15190365050----：{'state': {'message': '风险', 'code': 505001}}
2025-03-08 09:14:24 - INFO - ----网易云游戏15190365050----：{}
2025-03-08 09:14:39 - INFO - ----aippt15190365050----：{'code': 0, 'data': None, 'msg': '发送成功'}
2025-03-08 09:15:18 - INFO - 执行 b4 失败: 
No element found.
Method: ele()
Arguments: {'locator': 'css=#radix-\\:Rb9dsplta\\: > div > div.p-6.pt-0.pl-\\[44px\\].pr-\\[44px\\] > div > div > div.flex.justify-center.items-center.gap-4.mt-\\[23px\\] > button:nth-child(1)', 'index': 1, 'timeout': 10}
Version: 4.1.0.17
2025-03-08 09:15:42 - INFO - ----万兴15190365050----：{'code': 0, 'msg': '', 'data': ''}
2025-03-08 09:15:54 - INFO - ----九游网15190365050----：验证码剩余时间重新获取(58s)
2025-03-08 09:16:04 - INFO - ----右糖15190365050----：{'status': 200, 'message': 'success'}
2025-03-08 09:16:12 - INFO - ----大米小米15190365050----：{'status': 200, 'code': 0, 'data': True, 'message': '查询数据成功.'}
2025-03-08 09:16:30 - INFO - 手机新浪注册失败
2025-03-08 09:16:36 - INFO - ----海康威视15190365050----：{'code': '000000', 'data': {'code': 200, 'message': 'success', 'data': '{code=0, message=null, result=1058159924663558144}'}, 'message': None}
2025-03-08 09:16:42 - INFO - ----网易数字15190365050----：{'success': True, 'msg': '验证码已发送'}
2025-03-08 09:16:51 - INFO - ----跨境15190365050----：{'code': 500, 'msg': '短信发送失败，请稍后再试~', 'data': [], 'meta': {}}
2025-03-08 09:17:00 - INFO - ----acfun15190365050----：{'result': 100001014, 'error_msg': '操作太快, 稍后再试'}
2025-03-08 09:17:17 - INFO - mathtool注册失败
2025-03-08 09:17:26 - INFO - ----包月ai15190365050----：{'code': 100, 'msg': 'success', 'data': {}}
2025-03-08 09:17:30 - INFO - ----库迪15190365050----：{'code': 200, 'message': 'success', 'busCode': '10408', 'busMessage': '请输入图形验证码', 'data': None, 'traceId': None}
2025-03-08 09:17:38 - INFO - ----氢图15190365050----：{'code': 0, 'message': None, 'result': None}
2025-03-08 09:17:50 - INFO - ----溪流15190365050----：{'code': 500, 'msg': '服务器内部错误，请稍后再试。'}
2025-03-08 09:18:01 - INFO - ----演图网15190365050----：{'code': '000000', 'msg': 'Message sent successfully'}
2025-03-08 09:18:16 - INFO - ----笔灵ai15190365050----：{'code': 1, 'msg': '验证码发送成功'}
2025-03-08 09:18:25 - INFO - ----豆豆游戏15190365050----：{'code': 0, 'error_code': 0, 'error_message': '', 'payload': {}}
2025-03-08 09:18:42 - INFO - 执行 j5 失败: 
No element found.
Method: ele()
Arguments: {'locator': 'css=body > div > div > div.page_container__6NQmV > div.page_content__nnCnZ > div.page_footer__vzQCA > div.page_login_ctn__jr2WF > div.Button_btn__bJHsP.Button_enable__jckq2.page_login_btn__PsNmh', 'index': 1, 'timeout': 10}
Version: 4.1.0.17
2025-03-08 09:18:49 - INFO - ----九马15190365050----：{'code': 200, 'message': '发送成功', 'data': ''}
2025-03-08 09:19:04 - INFO - ----柏测15190365050----：{'d': '触发号码天级流控Permits:40'}
2025-03-08 09:19:36 - INFO - 欢拓云注册失败
2025-03-08 09:20:00 - INFO - ----活动汪15190365050----：{'status_code': 1, 'status_message': '验证码发送成功'}
2025-03-08 09:20:12 - INFO - ----派克配音15190365050----：{'code': 1, 'info': '发送成功', 'data': {}}
2025-03-08 09:20:30 - INFO - ----灵感严选15190365050----：{'code': -1, 'msg': '发送短信失败', 'data': None, 'exception': None, 'error': None, 'stackTrace': None, 'path': None, 'errCode': -1}
2025-03-08 09:20:38 - INFO - ----笔熊15190365050----：{'code': 0, 'msg': 'isv.BUSINESS_LIMIT_CONTROL', 'time': '1741396838', 'data': None}
2025-03-08 09:20:51 - INFO - ----美即云15190365050----：{'code': 502, 'msg': ''}
2025-03-08 09:21:01 - INFO - ----诗词15190365050----：{'status': 'ok'}
2025-03-08 09:21:12 - INFO - ----超级文档15190365050----：59 秒后可重试
2025-03-08 09:21:24 - INFO - ----翼虎15190365050----：{'error': 0, 'msg': '写入成功', 'data': 1}
2025-03-08 09:21:35 - INFO - ----考拉15190365050----：{'content': {'data': {'resultCode': 100, 'smsToken': 'idc_196E2E8DD1C7F4F17A60E0F180BEA8EA8', 'processFinished': True}, 'status': 0, 'success': True}, 'hasError': False}
2025-03-08 09:21:46 - INFO - ----黑猫会15190365050----：{'code': 1, 'msg': 'fail'}
2025-03-08 09:21:53 - INFO - ----3C云15190365050----：{'status': 400, 'msg': 'CODE_SEND_FAIL'}
2025-03-08 09:22:14 - INFO - ----交大云15190365050----：151****5050
2025-03-08 09:22:21 - INFO - ----八法云----：{'code': 0, 'message': 'OK', 'data': {'code': 3}}
2025-03-08 09:22:42 - INFO - ----有言15190365050----：{'error_code': 1, 'error_reason': '触发号码天级流控Permits:40'}
2025-03-08 09:22:59 - INFO - ----环球医疗15190365050----：jsonp1741396966895({"code":"210","msg":"发送失败，请过一会再发送"})
2025-03-08 09:23:28 - INFO - ----最有料15190365050----：{'code': 200, 'status': False, 'message': '触发号码天级流控Permits:40', 'url': None, 'other': None}
2025-03-08 09:23:42 - INFO - ----乒协15190365050----：{'code': 10003, 'message': 'error-code.10003:触发号码天级流控Permits:40', 'tips': 'error-code.10003:触发号码天级流控Permits:40', 'result': None, 'traceId': 'e6cb7746-1d6b-47ec-bce2-7893d8c6f9eb', 'success': False}
2025-03-08 09:23:54 - INFO - uhur
2025-03-08 09:23:55 - INFO - ----人人文库----：{'code': 5001, 'data': [], 'message': '发送失败'}
2025-03-08 09:24:01 - INFO - bmaw
2025-03-08 09:24:01 - INFO - ----人人文库----：{'code': 203, 'data': [], 'message': '图形验证码错误！'}
2025-03-08 09:24:07 - INFO - wLkw
2025-03-08 09:24:08 - INFO - ----人人文库----：{'code': 203, 'data': [], 'message': '图形验证码错误！'}
2025-03-08 09:24:13 - INFO - qxjc
2025-03-08 09:24:15 - INFO - ----人人文库----：{'code': 203, 'data': [], 'message': '图形验证码错误！'}
2025-03-08 09:24:20 - INFO - cmav
2025-03-08 09:24:21 - INFO - ----人人文库----：{'code': 203, 'data': [], 'message': '图形验证码错误！'}
2025-03-08 09:24:26 - INFO - ljn4
2025-03-08 09:24:27 - INFO - ----人人文库----：{'code': 203, 'data': [], 'message': '图形验证码错误！'}
2025-03-08 09:24:27 - INFO - 验证码识别错误次数过多
2025-03-08 09:24:48 - INFO - 执行 b8 失败: 
No element found.
Method: ele()
Arguments: {'locator': 'css=#username', 'index': 1, 'timeout': 10}
Version: 4.1.0.17
2025-03-08 09:25:00 - INFO - 返利网5次验证码错误
2025-03-08 09:25:37 - INFO - ----丽芙家居15190365050----：{'Result': True, 'Status': 1, 'Message': '手机验证码已发送至尾号5050手机，请注意查收', 'InnerData': {'retCode': 1, 'rm': 0}, 'CK': []}
2025-03-08 09:25:42 - INFO - ----穷游网15190365050----：{'error_code': 510002, 'result': 'error', 'data': {'mobile': '86-15190365050', 'msg': '此手机号已经被注册'}}
2025-03-08 09:25:45 - INFO - ----穷游网15190365050----：{'error_code': 510002, 'result': 'error', 'data': {'mobile': '86-15190365050', 'msg': '此手机号已经被注册'}}
2025-03-08 09:25:48 - INFO - ----穷游网15190365050----：{'error_code': 510002, 'result': 'error', 'data': {'mobile': '86-15190365050', 'msg': '此手机号已经被注册'}}
2025-03-08 09:25:51 - INFO - ----穷游网15190365050----：{'error_code': 510002, 'result': 'error', 'data': {'mobile': '86-15190365050', 'msg': '此手机号已经被注册'}}
2025-03-08 09:25:54 - INFO - ----穷游网15190365050----：{'error_code': 510002, 'result': 'error', 'data': {'mobile': '86-15190365050', 'msg': '此手机号已经被注册'}}
2025-03-08 09:25:57 - INFO - ----穷游网15190365050----：{'error_code': 510002, 'result': 'error', 'data': {'mobile': '86-15190365050', 'msg': '此手机号已经被注册'}}
2025-03-08 09:25:57 - INFO - 穷游网5次错误
2025-03-08 09:26:11 - INFO - mewH
2025-03-08 09:26:11 - INFO - ----海尔15190365050----：{'result': 'SUCCESS', 'resultCode': '0', 'resultMsg': 'success', 'data': 'SUCCESS'}
2025-03-08 09:26:11 - INFO - success
2025-03-08 09:26:27 - INFO - ----百卓15190365050----：{'retCode': '0'}
2025-03-08 09:26:50 - INFO - 股海注册失败
2025-03-08 09:26:59 - INFO - 131
2025-03-08 09:27:02 - INFO - ----todesk15190365050----：{'statusCode': 200, 'data': {'challengeToken': 'eyJhbGciOiJIUzI1NiIsInR5cCI6IkpXVCJ9.eyJwaG9uZSI6IjE1MTkwMzY1MDUwIiwidXNhZ2UiOjEsIm5vdW5jZSI6IjEiLCJpYXQiOjE3NDEzOTcyMjIsImV4cCI6MTc0MTM5NzUyMn0.izmmPi-mbDiTgb4GyLw6p1_KCOAvAW-FfLYZPnnOrvc'}}
2025-03-08 09:27:12 - INFO - ----zol15190365050----：{'info': 'error', 'msg': '图形验证码错误'}
2025-03-08 09:27:15 - INFO - ----zol15190365050----：{'info': 'error', 'msg': '图形验证码错误'}
2025-03-08 09:27:18 - INFO - ----zol15190365050----：{'info': 'error', 'msg': '图形验证码错误'}
2025-03-08 09:27:21 - INFO - ----zol15190365050----：{'info': 'error', 'msg': '图形验证码错误'}
2025-03-08 09:27:24 - INFO - ----zol15190365050----：{'info': 'error', 'msg': '图形验证码错误'}
2025-03-08 09:27:27 - INFO - ----zol15190365050----：{'info': 'error', 'msg': '图形验证码错误'}
2025-03-08 09:27:27 - INFO - zol5次错误
2025-03-08 09:27:35 - INFO - ----第一会展15190365050----：{"states":"err","message":"{"Message":"触发号码天级流控Permits:40","RequestId":"DD7E788A-0159-53DA-AC29-4E375029E603","Code":"isv.BUSINESS_LIMIT_CONTROL"}"}
2025-03-08 09:27:36 - INFO - 执行 a9 失败: string indices must be integers, not 'str'
2025-03-08 09:27:49 - INFO - ----索尼中国15190365050----：{'resultData': {'registerToken': 'MjCLezHYyu0sBw0G/KPCvOAMvDXzAIWag1w469Y/uw0='}, 'resultMsg': [{'code': '00', 'message': '成功'}]}
2025-03-08 09:27:56 - INFO - ----爱乐奇15190365050----：suss
2025-03-08 09:28:03 - INFO - ----花生同15190365050----：{'success': False, 'code': '10201', 'lang': None, 'error': '图片验证码不正确或已过期', 'errorHK': '圖片驗證碼不正確或已過期', 'data': None}
2025-03-08 09:28:06 - INFO - ----花生同15190365050----：{'success': True, 'code': '00000', 'lang': None, 'error': None, 'errorHK': None, 'data': None}
2025-03-08 09:28:24 - INFO - ----包图15190365050----：{'status': 1, 'msg': '亲，验证码发送成功'}
2025-03-08 09:28:35 - INFO - ----莫言ai15190365050----：{'code': 200, 'msg': '成功', 'data': []}
2025-03-08 09:28:50 - INFO - ----慕客15190365050----：{'code': 0, 'message': '成功', 'payload': {'captchaVerifyResult': False}}
2025-03-08 09:29:32 - INFO - ----广告狂人15190365050----：{'msg': '验证码校验有误或已过期', 'code': '60003'}
2025-03-08 09:29:36 - INFO - ----广告狂人15190365050----：{'msg': '操作成功', 'code': '10000'}
2025-03-08 09:29:52 - INFO - ----feemoo15190365050----：{'status': '90001', 'msg': '', 'time': 1741397386, 'data': {'url': 'https://fmph5.jingfile.com/h5_hk', 'width': '290', 'height': '256', 'code': '', 'e': {'code': 200, 'errorCode': 90001, 'msg': '', 'params': {'url': 'https://fmph5.jingfile.com/h5_hk', 'width': '290', 'height': '256', 'code': ''}}}}
2025-03-08 09:30:07 - INFO - ----spai15190365050----：{'error': 2005, 'msg': '操作失败,请稍后重试', 'data': None, 'total': 0}
2025-03-08 09:30:21 - INFO - 执行 a10 失败: 
No element found.
Method: ele()
Arguments: {'locator': 'css=#txtMobile', 'index': 1, 'timeout': 10}
Version: 4.1.0.17
2025-03-08 09:30:27 - INFO - 524
2025-03-08 09:30:28 - INFO - ----云群15190365050----：{'status': 200, 'msg': 'CODE_SEND_SUCCESS'}
2025-03-08 09:30:37 - INFO - dxte
2025-03-08 09:30:38 - INFO - ----云码15190365050----：<pre>string(43) "{"msg":"发送成功","code":200,"data":[]}"
</pre>
2025-03-08 09:30:54 - INFO - ----创配----：{"states":"err","message":"{"Message":"触发号码天级流控Permits:40","RequestId":"F9B0CC0E-A98E-5D70-808B-25F2F5C86169","Code":"isv.BUSINESS_LIMIT_CONTROL"}"}
2025-03-08 09:30:54 - INFO - 执行 d10 失败: string indices must be integers, not 'str'
2025-03-08 09:31:04 - INFO - 获取验证码
2025-03-08 09:31:28 - INFO - 及时设计注册失败
2025-03-08 09:31:52 - INFO - ----嘉立创15190365050----：{'success': True, 'code': 200}
2025-03-08 09:32:07 - INFO - ----电子发烧友15190365050----：{'status': 'successed', 'error_code': 0, 'data': {'account': '15190365050'}}
2025-03-08 09:32:21 - INFO - 7258
2025-03-08 09:32:22 - INFO - ----鸟哥笔记----：{'return_code': '200', 'return_msg': '已发送', 'return_data': []}
2025-03-08 09:32:39 - INFO - ----团结15190365050----：{'success': True, 'data': '151903650501741397556', 'message': None, 'ErrorCode': 0}
2025-03-08 09:32:52 - INFO - ----站库15190365050----：{'result': True}
2025-03-08 09:32:57 - INFO - ----万兴科技15190365050----：{'code': 0, 'msg': '', 'data': ''}
2025-03-08 09:33:17 - INFO - ----亿图15190365050----：{'status': 'success', 'msg': '', 'data': {}}
2025-03-08 09:33:30 - INFO - ----医疗器械15190365050----：{'code': '1', 'data': None, 'msg': '验证码已发送！'}
2025-03-08 09:33:46 - INFO - ----大学生在线15190365050----：{'code': 200, 'message': '发送成功'}
2025-03-08 09:33:56 - INFO - ----永洪15190365050----：{'code': 200, 'data': 'smssuccess'}
2025-03-08 09:34:06 - INFO - ----深信服15190365050----：{'code': 0, 'msg': 'success', 'rows': 'success'}
2025-03-08 09:34:23 - INFO - ----磨刀15190365050----：{'success': '验证码发送成功'}
2025-03-08 09:34:31 - INFO - ----逗逗游戏伙伴15190365050----：{'code': 0, 'error_code': 0, 'error_message': '', 'payload': {}}
2025-03-08 09:34:46 - INFO - 执行 i11 失败: 
No element found.
Method: ele()
Arguments: {'locator': 'css=body > div:nth-child(1) > div:nth-child(1) > div:nth-child(3) > div > span > div > div:nth-child(2) > span', 'index': 1, 'timeout': 10}
Version: 4.1.0.17
2025-03-08 09:34:57 - INFO - ----韩红15190365050----：{'code': 0, 'msg': 'success', 'data': 60}
2025-03-08 09:35:27 - INFO - ccf注册失败
2025-03-08 09:35:44 - INFO - ----钻石网15190365050----：{'code': 200, 'msg': '验证成功'}
2025-03-08 09:35:55 - INFO - ----云书网15190365050----：{'code': '-2', 'gitVersion': {'git.branch': 'origin/online', 'git.commit.id': '9493803b7f97740d60bed02d3a23f781f35c4156'}, 'message': '图片验证码输入有误', 'success': False, 'trace': '7cda5bbdfa88615d'}
2025-03-08 09:35:59 - INFO - ----云书网15190365050----：{'code': '-2', 'gitVersion': {'git.branch': 'origin/online', 'git.commit.id': '9493803b7f97740d60bed02d3a23f781f35c4156'}, 'message': '图片验证码输入有误', 'success': False, 'trace': 'a7b227f72064c10f'}
2025-03-08 09:36:02 - INFO - ----云书网15190365050----：{'code': '-2', 'gitVersion': {'git.branch': 'origin/online', 'git.commit.id': '9493803b7f97740d60bed02d3a23f781f35c4156'}, 'message': '图片验证码输入有误', 'success': False, 'trace': '1abbb8609165a7cf'}
2025-03-08 09:36:06 - INFO - ----云书网15190365050----：{'code': '-2', 'gitVersion': {'git.branch': 'origin/online', 'git.commit.id': '9493803b7f97740d60bed02d3a23f781f35c4156'}, 'message': '图片验证码输入有误', 'success': False, 'trace': 'a3ec278a557ba68a'}
2025-03-08 09:36:11 - INFO - ----云书网15190365050----：{'code': '0', 'gitVersion': {'git.branch': 'origin/online', 'git.commit.id': '9493803b7f97740d60bed02d3a23f781f35c4156'}, 'message': '短信发送成功', 'trace': 'd1a0c3b53fd14aec'}
2025-03-08 09:36:19 - INFO - ----天天15190365050----：{'msg': '验证码有误'}
2025-03-08 09:36:23 - INFO - ----天天15190365050----：{'msg': '触发号码天级流控Permits:40', 'error': 1}
2025-03-08 09:36:23 - INFO - 执行 d12 失败: 'code'
2025-03-08 09:36:29 - INFO - ----心理15190365050----：59s
2025-03-08 09:36:36 - INFO - ----拔草15190365050----：{'error': 2, 'msg': '验证码错误', 'referer': '', 'state': 'fail'}
2025-03-08 09:36:40 - INFO - ----拔草15190365050----：{'error': 2, 'msg': '验证码错误', 'referer': '', 'state': 'fail'}
2025-03-08 09:36:44 - INFO - ----拔草15190365050----：{'error': 2, 'msg': '验证码错误', 'referer': '', 'state': 'fail'}
2025-03-08 09:36:48 - INFO - ----拔草15190365050----：{'error': 2, 'msg': '验证码错误', 'referer': '', 'state': 'fail'}
2025-03-08 09:36:52 - INFO - ----拔草15190365050----：{'error': 2, 'msg': '验证码错误', 'referer': '', 'state': 'fail'}
2025-03-08 09:36:56 - INFO - ----拔草15190365050----：{'error': 2, 'msg': '验证码错误', 'referer': '', 'state': 'fail'}
2025-03-08 09:37:00 - INFO - ----拔草15190365050----：{'error': 2, 'msg': '验证码错误', 'referer': '', 'state': 'fail'}
2025-03-08 09:37:04 - INFO - ----拔草15190365050----：{'error': 1, 'msg': '触发号码天级流控Permits:40', 'err_code': 15, 'referer': '', 'state': 'fail'}
2025-03-08 09:37:08 - INFO - ----拔草15190365050----：{'error': 2, 'msg': '验证码错误', 'referer': '', 'state': 'fail'}
2025-03-08 09:37:12 - INFO - ----拔草15190365050----：{'error': 1, 'msg': '触发号码天级流控Permits:40', 'err_code': 15, 'referer': '', 'state': 'fail'}
2025-03-08 09:37:16 - INFO - ----拔草15190365050----：{'error': 2, 'msg': '验证码错误', 'referer': '', 'state': 'fail'}
2025-03-08 09:37:16 - INFO - 拔草5次错误
2025-03-08 09:37:34 - INFO - 执行 g12 失败: 
No element found.
Method: ele()
Arguments: {'locator': 'css=body > header > div > div.cloud-header-default > div.cloud-right-wrapper > div.login-wrapper > ul > li.nav-register > a', 'index': 1, 'timeout': 10}
Version: 4.1.0.17
2025-03-08 09:37:50 - INFO - 紫衣注册失败
2025-03-08 09:38:03 - INFO - 紫衣注册失败
2025-03-08 09:38:16 - INFO - 紫衣注册失败
2025-03-08 09:38:30 - INFO - 紫衣注册失败
2025-03-08 09:38:43 - INFO - 紫衣注册失败
2025-03-08 09:38:57 - INFO - 紫衣注册失败
2025-03-08 09:38:57 - INFO - 紫衣5次错误
2025-03-08 09:39:25 - INFO - 执行 i12 失败: 
No element found.
Method: ele()
Arguments: {'locator': 'css=body > div:nth-child(1) > div > div:nth-child(3) > p > span:nth-child(1)', 'index': 1, 'timeout': 10}
Version: 4.1.0.17
2025-03-08 09:39:35 - INFO - ----飞乐15190365050----：{'status': -1, 'msg': 'CODE_RES_ERROR'}
2025-03-08 09:39:48 - INFO - 飞乐注册失败
2025-03-08 09:39:48 - INFO - 执行 j12 失败: 'status'
2025-03-08 09:39:48 - INFO - Deleted: .\bd_background.png
2025-03-08 09:39:48 - INFO - Deleted: .\cp.png
2025-03-08 09:39:48 - INFO - Deleted: .\hzzx.png
2025-03-08 09:39:48 - INFO - Deleted: .\modified_image.png
2025-03-08 09:39:48 - INFO - Deleted: .\ngbj.png
2025-03-08 09:39:48 - INFO - Deleted: .\tt.png
2025-03-08 09:39:48 - INFO - Deleted: .\ysw.png
2025-03-08 09:39:48 - INFO - All PNG images deleted.
2025-03-08 10:57:49 - INFO - ----阿里云15190365050----：{'success': True}
2025-03-08 10:58:09 - INFO - ----百度15190365050----：bd__cbs__87mj2g({"errno":18,"msg":"\u8bf7\u586b\u5199\u9a8c\u8bc1\u7801","vcodestr":"tcP9d2b08b42a067bd802f218ac83018520df7272388b01dbe0","vcodesign":"9bf6741783","isslide":null})
2025-03-08 10:58:16 - INFO - ----凤凰网15190365050----：{'code': 'CaptchaRequired', 'msg': 'code: CaptchaRequired, msg: 需要验证码', 'tips': '需要验证码'}
2025-03-08 10:58:39 - INFO - ----联通云盘15190365050----：{'STATUS': '200', 'MSG': '服务调用成功！', 'LOGID': None, 'RSP': {'RSP_CODE': '6006', 'RSP_DESC': '图形验证码未输入或缺失参数！', 'DATA': {'isNeedVerfyCode': 1}}}
2025-03-08 10:58:57 - INFO - ----天翼云盘15190365050----：{'result': 0, 'msg': 'success'}
2025-03-08 10:59:07 - INFO - ----雪球15190365050----：{'success': True}
2025-03-08 10:59:15 - INFO - ----巨量15190365050---- ：{'description': '', 'error_code': 0, 'mobile_ticket': 'mobile_ticket_TFDEY93E96HF2MNKEH7J863WR55PFF9F'}
2025-03-08 10:59:25 - INFO - ----兔喜15190365050---- ：{'result': {'isRisk': 0}, 'message': '操作成功', 'status': True, 'statusCode': '200'}
2025-03-08 10:59:37 - INFO - ----水滴筹15190365050---- ：{'code': 0, 'msg': None, 'data': None}
2025-03-08 10:59:55 - INFO - ----小红书15190365050----：{'data': {}, 'code': 0, 'success': True, 'msg': '成功'}
2025-03-08 11:00:08 - INFO - ----豆包15190365050----：{'data': {'log_id': '20250308110008A79A353BBD572E3D173B', 'mobile': '151******50', 'mobile_ticket': 'mobile_ticket_9DQY5Q4N93WH65UN8YRWB5EGGPSBYVAE', 'retry_time': 60}, 'message': 'success'}
2025-03-08 11:00:15 - INFO - ----KYE15190365050---- ：{'code': 264587, 'msg': '错误次数太多，请稍后重试', 'data': {'ruleId': 27, 'type': 4, 'strategyCode': 'passwordSmsLogin', 'msg': None, 'priority': 3}, 'traceId': None, 'success': False}
2025-03-08 11:00:25 - INFO - ----易车15190365050----：59s后重新发送
2025-03-08 11:00:44 - INFO - ----移动云盘15190365050---- ：{'success': True, 'code': '0', 'message': 'OK', 'data': {'result': {'resultCode': '0', 'resultDesc': '请求成功'}, 'mode': '0', 'regFlag': None, 'remainGetTimes': 6, 'verifyCode': None, 'objNumber': None, 'random': 'QmrAnaaA'}}
2025-03-08 11:00:57 - INFO - ----南方泵业15190365050----：{'Data': None, 'Code': 0, 'Message': 'DAC41FCF2A7B853D7C416135912D156E'}
2025-03-08 11:01:06 - INFO - ----秘塔15190365050----：{'code': 2701, 'msg': '手机号不存在,请先注册!'}
2025-03-08 11:01:14 - INFO - ----孔子学院15190365050----：{'msg': '操作成功', 'code': 200}
2025-03-08 11:01:24 - INFO - ----巨人网络15190365050---- ：{'success': True, 'msg': '', 'data': []}
2025-03-08 11:01:33 - INFO - ----火山引擎15190365050---- ：{'ResponseMetadata': {'RequestId': '20250308110132F282960EB3A84CC6C9AC'}}
2025-03-08 11:01:43 - INFO - ----webcsdn学院15190365050----：{'code': '0', 'subCode': '1017', 'message': '成功发送验证码', 'status': True}
2025-03-08 11:01:50 - INFO - ----233乐园15190365050----：验证码倒计时发送验证码s
2025-03-08 11:02:04 - INFO - ----q医疗15190365050----：{'data': {'code': '400'}, 'count': 0}
2025-03-08 11:02:15 - INFO - ----指南者15190365050----：{'code': 0, 'msg': '发送验证码失败！'}
2025-03-08 11:02:27 - INFO - ----闪德15190365050----：{'code': 0, 'msg': '短信服务异常', 'data': 4, 'url': '', 'wait': 3}
2025-03-08 11:02:34 - INFO - ----顺丰同城15190365050----：{'errno': 0, 'errmsg': '', 'errmsg_lang': [], 'data': {'count': 60}, 'lid': '733239641473558296'}
2025-03-08 11:02:45 - INFO - ----指南者15190365050----：{'code': 0, 'msg': '发送验证码失败！'}
2025-03-08 11:03:04 - INFO - ----云8815190365050----：{'code': 1, 'msg': '触发号码天级流控Permits:40'}
2025-03-08 11:03:25 - INFO - 执行 wjs 失败: 
No element found.
Method: ele()
Arguments: {'locator': 'css=#dsbLogin1 > div:nth-child(4) > div', 'index': 1, 'timeout': 10}
Version: 4.1.0.17
2025-03-08 11:03:32 - INFO - ----异次元15190365050----：{'state': {'message': '风险', 'code': 505001}}
2025-03-08 11:03:43 - INFO - ----网易云游戏15190365050----：{}
2025-03-08 11:03:56 - INFO - ----aippt15190365050----：{'code': 10856, 'data': None, 'msg': '今日获取验证码已达最大次数，请于明日重试'}
2025-03-08 11:04:50 - INFO - 执行 b4 失败: 
No element found.
Method: ele()
Arguments: {'locator': 'css=#radix-\\:Rb9dsplta\\: > div > div.p-6.pt-0.pl-\\[44px\\].pr-\\[44px\\] > div > div > div.flex.justify-center.items-center.gap-4.mt-\\[23px\\] > button:nth-child(1)', 'index': 1, 'timeout': 10}
Version: 4.1.0.17
2025-03-08 11:05:19 - INFO - ----万兴15190365050----：{'code': 0, 'msg': '', 'data': ''}
2025-03-08 11:05:30 - INFO - ----九游网15190365050----：验证码剩余时间重新获取(58s)
2025-03-08 11:05:39 - INFO - ----右糖15190365050----：{'status': -307, 'message': 'Captcha code exceeds the limit'}
2025-03-08 11:05:47 - INFO - ----大米小米15190365050----：{'status': 200, 'code': 0, 'data': True, 'message': '查询数据成功.'}
2025-03-08 11:06:04 - INFO - 手机新浪注册失败
2025-03-08 11:06:11 - INFO - ----海康威视15190365050----：{'code': '000000', 'data': {'code': 200, 'message': 'success', 'data': '{code=0, message=null, result=1058187504326287360}'}, 'message': None}
2025-03-08 11:06:18 - INFO - ----网易数字15190365050----：{'success': True, 'msg': '验证码已发送'}
2025-03-08 11:06:57 - INFO - ----跨境15190365050----：{'code': 500, 'msg': '短信发送失败，请稍后再试~', 'data': [], 'meta': {}}
2025-03-08 11:07:07 - INFO - ----acfun15190365050----：{'result': 100001014, 'error_msg': '操作太快, 稍后再试'}
2025-03-08 11:07:17 - INFO - ----mathtool15190365050----：{'code': 1013, 'data': [], 'message': ' 短信发送失败,请尝试其它登录方式'}
2025-03-08 11:07:27 - INFO - ----包月ai15190365050----：{'code': 100, 'msg': 'success', 'data': {}}
2025-03-08 11:07:31 - INFO - ----库迪15190365050----：{'code': 200, 'message': 'success', 'busCode': '10408', 'busMessage': '请输入图形验证码', 'data': None, 'traceId': None}
2025-03-08 11:07:39 - INFO - ----氢图15190365050----：{'code': 0, 'message': None, 'result': None}
2025-03-08 11:07:50 - INFO - ----溪流15190365050----：{'code': 500, 'msg': '服务器内部错误，请稍后再试。'}
2025-03-08 11:08:01 - INFO - ----演图网15190365050----：{'code': '000000', 'msg': 'Message sent successfully'}
2025-03-08 11:08:13 - INFO - ----笔灵ai15190365050----：{'code': 1, 'msg': '验证码发送成功'}
2025-03-08 11:08:22 - INFO - ----豆豆游戏15190365050----：{'code': 0, 'error_code': 0, 'error_message': '', 'payload': {}}
2025-03-08 11:08:39 - INFO - 执行 j5 失败: 
No element found.
Method: ele()
Arguments: {'locator': 'css=body > div > div > div.page_container__6NQmV > div.page_content__nnCnZ > div.page_footer__vzQCA > div.page_login_ctn__jr2WF > div.Button_btn__bJHsP.Button_enable__jckq2.page_login_btn__PsNmh', 'index': 1, 'timeout': 10}
Version: 4.1.0.17
2025-03-08 11:08:47 - INFO - ----九马15190365050----：{'code': 200, 'message': '发送成功', 'data': ''}
2025-03-08 11:09:00 - INFO - ----柏测15190365050----：{'d': '触发号码天级流控Permits:40'}
2025-03-08 11:09:33 - INFO - 欢拓云注册失败
2025-03-08 11:09:51 - INFO - ----活动汪15190365050----：{'status_code': 1, 'status_message': '验证码发送成功'}
2025-03-08 11:10:03 - INFO - ----派克配音15190365050----：{'code': 1, 'info': '发送成功', 'data': {}}
2025-03-08 11:10:19 - INFO - ----灵感严选15190365050----：{'code': -1, 'msg': '发送短信失败', 'data': None, 'exception': None, 'error': None, 'stackTrace': None, 'path': None, 'errCode': -1}
2025-03-08 11:10:28 - INFO - ----笔熊15190365050----：{'code': 0, 'msg': 'isv.BUSINESS_LIMIT_CONTROL', 'time': '1741403428', 'data': None}
2025-03-08 11:10:40 - INFO - ----美即云15190365050----：{'code': 502, 'msg': ''}
2025-03-08 11:10:50 - INFO - ----诗词15190365050----：{'status': 'ok'}
2025-03-08 11:11:01 - INFO - ----超级文档15190365050----：59 秒后可重试
2025-03-08 11:11:13 - INFO - ----翼虎15190365050----：{'error': 30008, 'msg': '服务器开小差，请稍后再试', 'data': None}
2025-03-08 11:11:26 - INFO - ----考拉15190365050----：{'content': {'data': {'resultCode': 100, 'smsToken': 'idc_1538D95DBF3EC4EBCABD25746E759DD8F', 'processFinished': True}, 'status': 0, 'success': True}, 'hasError': False}
2025-03-08 11:11:45 - INFO - 执行 c7 失败: 
No element found.
Method: ele()
Arguments: {'locator': 'css=#app > div > div > div.mainBox.greenBgColor > div:nth-child(2) > div.content > form > div:nth-child(2) > div > div > span > span > span > span > span', 'index': 1, 'timeout': 10}
Version: 4.1.0.17
2025-03-08 11:11:50 - INFO - ----3C云15190365050----：{'status': 400, 'msg': 'CODE_SEND_FAIL'}
2025-03-08 11:12:11 - INFO - ----交大云15190365050----：151****5050
2025-03-08 11:12:19 - INFO - ----八法云----：{'code': 0, 'message': 'OK', 'data': {'code': 3}}
2025-03-08 11:12:39 - INFO - ----有言15190365050----：{'error_code': 1, 'error_reason': '触发号码天级流控Permits:40'}
2025-03-08 11:12:57 - INFO - ----环球医疗15190365050----：jsonp1741403564686({"code":"210","msg":"发送失败，请过一会再发送"})
2025-03-08 11:13:25 - INFO - ----最有料15190365050----：{'code': 200, 'status': False, 'message': '触发号码天级流控Permits:40', 'url': None, 'other': None}
2025-03-08 11:13:38 - INFO - ----乒协15190365050----：{'code': 10003, 'message': 'error-code.10003:触发号码天级流控Permits:40', 'tips': 'error-code.10003:触发号码天级流控Permits:40', 'result': None, 'traceId': '9716051e-dbe4-42eb-99f6-fab3c6caa32c', 'success': False}
2025-03-08 11:13:49 - INFO - uh2b
2025-03-08 11:13:50 - INFO - ----人人文库----：{'code': 5001, 'data': [], 'message': '发送失败'}
2025-03-08 11:13:56 - INFO - 8Btj
2025-03-08 11:13:57 - INFO - ----人人文库----：{'code': 203, 'data': [], 'message': '图形验证码错误！'}
2025-03-08 11:14:02 - INFO - wpap
2025-03-08 11:14:03 - INFO - ----人人文库----：{'code': 203, 'data': [], 'message': '图形验证码错误！'}
2025-03-08 11:14:09 - INFO - yhc8
2025-03-08 11:14:09 - INFO - ----人人文库----：{'code': 203, 'data': [], 'message': '图形验证码错误！'}
2025-03-08 11:14:15 - INFO - hjie
2025-03-08 11:14:16 - INFO - ----人人文库----：{'code': 203, 'data': [], 'message': '图形验证码错误！'}
2025-03-08 11:14:21 - INFO - ydpd
2025-03-08 11:14:22 - INFO - ----人人文库----：{'code': 203, 'data': [], 'message': '图形验证码错误！'}
2025-03-08 11:14:22 - INFO - 验证码识别错误次数过多
2025-03-08 11:14:42 - INFO - 执行 b8 失败: 
No element found.
Method: ele()
Arguments: {'locator': 'css=#username', 'index': 1, 'timeout': 10}
Version: 4.1.0.17
2025-03-08 11:14:56 - INFO - 返利网5次验证码错误
2025-03-08 11:15:05 - INFO - ----丽芙家居15190365050----：{'Result': True, 'Status': 1, 'Message': '手机验证码已发送至尾号5050手机，请注意查收', 'InnerData': {'retCode': 1, 'rm': 1}, 'CK': []}
2025-03-08 11:15:10 - INFO - ----穷游网15190365050----：{'error_code': 510002, 'result': 'error', 'data': {'mobile': '86-15190365050', 'msg': '此手机号已经被注册'}}
2025-03-08 11:15:13 - INFO - ----穷游网15190365050----：{'error_code': 510002, 'result': 'error', 'data': {'mobile': '86-15190365050', 'msg': '此手机号已经被注册'}}
2025-03-08 11:15:16 - INFO - ----穷游网15190365050----：{'error_code': 510002, 'result': 'error', 'data': {'mobile': '86-15190365050', 'msg': '此手机号已经被注册'}}
2025-03-08 11:15:19 - INFO - ----穷游网15190365050----：{'error_code': 510002, 'result': 'error', 'data': {'mobile': '86-15190365050', 'msg': '此手机号已经被注册'}}
2025-03-08 11:15:22 - INFO - ----穷游网15190365050----：{'error_code': 510002, 'result': 'error', 'data': {'mobile': '86-15190365050', 'msg': '此手机号已经被注册'}}
2025-03-08 11:15:25 - INFO - ----穷游网15190365050----：{'error_code': 510002, 'result': 'error', 'data': {'mobile': '86-15190365050', 'msg': '此手机号已经被注册'}}
2025-03-08 11:15:25 - INFO - 穷游网5次错误
2025-03-08 11:15:36 - INFO - TNxc
2025-03-08 11:15:37 - INFO - ----海尔15190365050----：{'result': 'SUCCESS', 'resultCode': '0', 'resultMsg': 'success', 'data': 'SUCCESS'}
2025-03-08 11:15:37 - INFO - success
2025-03-08 11:15:52 - INFO - ----百卓15190365050----：{'retCode': '0'}
2025-03-08 11:16:06 - INFO - ----股海15190365050----：{'msg': '你的验证码获取达到上限，请过段时间再试'}
2025-03-08 11:16:14 - INFO - 119
2025-03-08 11:16:17 - INFO - ----todesk15190365050----：{'statusCode': 200, 'data': {'challengeToken': 'eyJhbGciOiJIUzI1NiIsInR5cCI6IkpXVCJ9.eyJwaG9uZSI6IjE1MTkwMzY1MDUwIiwidXNhZ2UiOjEsIm5vdW5jZSI6IjEiLCJpYXQiOjE3NDE0MDM3NzcsImV4cCI6MTc0MTQwNDA3N30.DHbUB2ebXZqY031cmnZAdlskFWmodL_lvrsi5S4t8RM'}}
2025-03-08 11:16:26 - INFO - ----zol15190365050----：{'info': 'ok', 'msg': '动态密码发送成功'}
2025-03-08 11:16:51 - INFO - 第一会展注册失败
2025-03-08 11:17:05 - INFO - 第一会展注册失败
2025-03-08 11:17:18 - INFO - 第一会展注册失败
2025-03-08 11:17:32 - INFO - 第一会展注册失败
2025-03-08 11:17:45 - INFO - 第一会展注册失败
2025-03-08 11:17:58 - INFO - 第一会展注册失败
2025-03-08 11:17:58 - INFO - 第一会展5次错误
2025-03-08 11:18:13 - INFO - ----索尼中国15190365050----：{'resultData': {'registerToken': 'MjCLezHYyu0sBw0G/KPCvEutXcYRF58qvSYZbv3LoFU='}, 'resultMsg': [{'code': '00', 'message': '成功'}]}
2025-03-08 11:18:21 - INFO - ----爱乐奇15190365050----：suss
2025-03-08 11:18:27 - INFO - ----花生同15190365050----：{'success': True, 'code': '00000', 'lang': None, 'error': None, 'errorHK': None, 'data': None}
2025-03-08 11:18:47 - INFO - ----包图15190365050----：{'status': 1, 'msg': '亲，验证码发送成功'}
2025-03-08 11:18:57 - INFO - ----莫言ai15190365050----：{'code': 334, 'msg': '验证码错误', 'data': []}
2025-03-08 11:19:00 - INFO - ----莫言ai15190365050----：{'code': 334, 'msg': '验证码错误', 'data': []}
2025-03-08 11:19:03 - INFO - ----莫言ai15190365050----：{'code': 200, 'msg': '成功', 'data': []}
2025-03-08 11:19:19 - INFO - ----慕客15190365050----：{'code': 0, 'message': '成功', 'payload': {'captchaVerifyResult': False}}
2025-03-08 11:19:35 - INFO - ----广告狂人15190365050----：{'msg': '操作成功', 'code': '10000'}
2025-03-08 11:19:51 - INFO - ----feemoo15190365050----：{'status': '90001', 'msg': '', 'time': 1741403985, 'data': {'url': 'https://fmph5.jingfile.com/h5_hk', 'width': '290', 'height': '256', 'code': '', 'e': {'code': 200, 'errorCode': 90001, 'msg': '', 'params': {'url': 'https://fmph5.jingfile.com/h5_hk', 'width': '290', 'height': '256', 'code': ''}}}}
2025-03-08 11:20:06 - INFO - ----spai15190365050----：{'error': 2005, 'msg': '操作失败,请稍后重试', 'data': None, 'total': 0}
2025-03-08 11:20:19 - INFO - 执行 a10 失败: 
No element found.
Method: ele()
Arguments: {'locator': 'css=#txtMobile', 'index': 1, 'timeout': 10}
Version: 4.1.0.17
2025-03-08 11:20:27 - INFO - 846
2025-03-08 11:20:28 - INFO - ----云群15190365050----：{'status': 200, 'msg': 'CODE_SEND_SUCCESS'}
2025-03-08 11:20:37 - INFO - z8Em
2025-03-08 11:20:38 - INFO - ----云码15190365050----：<pre>string(43) "{"msg":"发送成功","code":200,"data":[]}"
</pre>
2025-03-08 11:21:14 - INFO - ----创配----：{"states":"err","message":"{"Message":"触发号码天级流控Permits:40","RequestId":"57D9CB7E-35CE-5626-810A-BCEE485E141D","Code":"isv.BUSINESS_LIMIT_CONTROL"}"}
2025-03-08 11:21:14 - INFO - 执行 d10 失败: string indices must be integers, not 'str'
2025-03-08 11:21:24 - INFO - 获取验证码
2025-03-08 11:21:49 - INFO - 及时设计注册失败
2025-03-08 11:22:11 - INFO - ----嘉立创15190365050----：{'success': True, 'code': 200}
2025-03-08 11:22:26 - INFO - ----电子发烧友15190365050----：{'status': 'successed', 'error_code': 0, 'data': {'account': '15190365050'}}
2025-03-08 11:22:39 - INFO - 9785
2025-03-08 11:22:40 - INFO - ----鸟哥笔记----：{'return_code': '200', 'return_msg': '已发送', 'return_data': []}
2025-03-08 11:22:53 - INFO - 执行 i10 失败: 
This element has no location or size.
Version: 4.1.0.17
2025-03-08 11:23:05 - INFO - ----站库15190365050----：{'result': True}
2025-03-08 11:23:10 - INFO - ----万兴科技15190365050----：{'code': 231203, 'msg': 'The number of SMS messages that can be sent from this account in one day has been exceeded', 'data': None}
2025-03-08 11:23:33 - INFO - ----亿图15190365050----：{'status': 'success', 'msg': '', 'data': {}}
2025-03-08 11:23:44 - INFO - ----医疗器械15190365050----：{'code': '1', 'data': None, 'msg': '验证码已发送！'}
2025-03-08 11:24:00 - INFO - 执行 d11 失败: 
No element found.
Method: ele()
Arguments: {'locator': 'css=#root > section > div.guardContainer > div > div > div > div > div:nth-child(2) > div.g2-tips-line > span > button > span', 'index': 1, 'timeout': 10}
Version: 4.1.0.17
2025-03-08 11:24:08 - INFO - ----永洪15190365050----：{'code': 200, 'data': 'smssuccess'}
2025-03-08 11:24:15 - INFO - ----深信服15190365050----：{'code': 0, 'msg': 'success', 'rows': 'success'}
2025-03-08 11:24:28 - INFO - ----磨刀15190365050----：{'success': '验证码发送成功'}
2025-03-08 11:24:36 - INFO - ----逗逗游戏伙伴15190365050----：{'code': 0, 'error_code': 0, 'error_message': '', 'payload': {}}
2025-03-08 11:24:51 - INFO - 执行 i11 失败: 
No element found.
Method: ele()
Arguments: {'locator': 'css=body > div:nth-child(1) > div:nth-child(1) > div:nth-child(3) > div > span > div > div:nth-child(2) > span', 'index': 1, 'timeout': 10}
Version: 4.1.0.17
2025-03-08 11:25:05 - INFO - ----韩红15190365050----：{'code': 0, 'msg': 'success', 'data': 60}
2025-03-08 11:25:36 - INFO - ccf注册失败
2025-03-08 11:25:50 - INFO - ----钻石网15190365050----：{'code': 200, 'msg': '验证成功'}
2025-03-08 11:26:01 - INFO - ----云书网15190365050----：{'code': '-2', 'gitVersion': {'git.branch': 'origin/online', 'git.commit.id': '9493803b7f97740d60bed02d3a23f781f35c4156'}, 'message': '图片验证码输入有误', 'success': False, 'trace': '9324aa26723efcca'}
2025-03-08 11:26:04 - INFO - ----云书网15190365050----：{'code': '-2', 'gitVersion': {'git.branch': 'origin/online', 'git.commit.id': '9493803b7f97740d60bed02d3a23f781f35c4156'}, 'message': '图片验证码输入有误', 'success': False, 'trace': '579e1122154aef93'}
2025-03-08 11:26:09 - INFO - ----云书网15190365050----：{'code': '0', 'gitVersion': {'git.branch': 'origin/online', 'git.commit.id': '9493803b7f97740d60bed02d3a23f781f35c4156'}, 'message': '短信发送成功', 'trace': '8bca63309d0aefe3'}
2025-03-08 11:26:17 - INFO - ----天天15190365050----：{'msg': '触发号码天级流控Permits:40', 'error': 1}
2025-03-08 11:26:17 - INFO - 执行 d12 失败: 'code'
2025-03-08 11:26:31 - INFO - 执行 e12 失败: 
No element found.
Method: ele()
Arguments: {'locator': 'css=#sendChkCode', 'index': 1, 'timeout': 10}
Version: 4.1.0.17
2025-03-08 11:26:39 - INFO - ----拔草15190365050----：{'error': 2, 'msg': '验证码错误', 'referer': '', 'state': 'fail'}
2025-03-08 11:26:43 - INFO - ----拔草15190365050----：{'error': 2, 'msg': '验证码错误', 'referer': '', 'state': 'fail'}
2025-03-08 11:26:47 - INFO - ----拔草15190365050----：{'error': 2, 'msg': '验证码错误', 'referer': '', 'state': 'fail'}
2025-03-08 11:26:51 - INFO - ----拔草15190365050----：{'error': 2, 'msg': '验证码错误', 'referer': '', 'state': 'fail'}
2025-03-08 11:26:55 - INFO - ----拔草15190365050----：{'error': 2, 'msg': '验证码错误', 'referer': '', 'state': 'fail'}
2025-03-08 11:26:59 - INFO - ----拔草15190365050----：{'error': 2, 'msg': '验证码错误', 'referer': '', 'state': 'fail'}
2025-03-08 11:27:03 - INFO - ----拔草15190365050----：{'error': 2, 'msg': '验证码错误', 'referer': '', 'state': 'fail'}
2025-03-08 11:27:07 - INFO - ----拔草15190365050----：{'error': 1, 'msg': '触发号码天级流控Permits:40', 'err_code': 15, 'referer': '', 'state': 'fail'}
2025-03-08 11:27:11 - INFO - ----拔草15190365050----：{'error': 2, 'msg': '验证码错误', 'referer': '', 'state': 'fail'}
2025-03-08 11:27:15 - INFO - ----拔草15190365050----：{'error': 1, 'msg': '触发号码天级流控Permits:40', 'err_code': 15, 'referer': '', 'state': 'fail'}
2025-03-08 11:27:19 - INFO - ----拔草15190365050----：{'error': 2, 'msg': '验证码错误', 'referer': '', 'state': 'fail'}
2025-03-08 11:27:19 - INFO - 拔草5次错误
2025-03-08 11:27:37 - INFO - 执行 g12 失败: 
No element found.
Method: ele()
Arguments: {'locator': 'css=body > header > div > div.cloud-header-default > div.cloud-right-wrapper > div.login-wrapper > ul > li.nav-register > a', 'index': 1, 'timeout': 10}
Version: 4.1.0.17
2025-03-08 11:27:53 - INFO - 紫衣注册失败
2025-03-08 11:28:07 - INFO - 紫衣注册失败
2025-03-08 11:28:20 - INFO - 紫衣注册失败
2025-03-08 11:28:33 - INFO - 紫衣注册失败
2025-03-08 11:28:47 - INFO - 紫衣注册失败
2025-03-08 11:29:00 - INFO - 紫衣注册失败
2025-03-08 11:29:00 - INFO - 紫衣5次错误
2025-03-08 11:29:30 - INFO - 执行 i12 失败: 
No element found.
Method: ele()
Arguments: {'locator': 'css=body > div:nth-child(1) > div > div:nth-child(3) > p > span:nth-child(1)', 'index': 1, 'timeout': 10}
Version: 4.1.0.17
2025-03-08 11:29:50 - INFO - 飞乐注册失败
2025-03-08 11:29:50 - INFO - 执行 j12 失败: cannot access local variable 'res' where it is not associated with a value
2025-03-08 11:29:50 - INFO - Deleted: .\bd_background.png
2025-03-08 11:29:50 - INFO - Deleted: .\cp.png
2025-03-08 11:29:50 - INFO - Deleted: .\ngbj.png
2025-03-08 11:29:50 - INFO - Deleted: .\tt.png
2025-03-08 11:29:50 - INFO - Deleted: .\xl.png
2025-03-08 11:29:50 - INFO - Deleted: .\ysw.png
2025-03-08 11:29:50 - INFO - All PNG images deleted.
